TN:
SF:script/LibDeployment.sol
FN:135,LibDeployment.getOrDeployInitcodeStorage
FNDA:0,LibDeployment.getOrDeployInitcodeStorage
DA:141,0
DA:142,0
DA:143,0
BRDA:143,0,0,-
BRDA:143,0,1,-
DA:144,0
DA:146,0
DA:148,0
DA:149,0
DA:150,0
DA:152,0
DA:153,0
FN:157,LibDeployment.addArtifactWithoutDeploying
FNDA:0,LibDeployment.addArtifactWithoutDeploying
DA:164,0
DA:166,0
DA:167,0
DA:169,0
DA:170,0
FN:208,LibDeployment.getOrDeploy
FNDA:0,LibDeployment.getOrDeploy
DA:215,0
DA:216,0
BRDA:216,1,0,-
BRDA:216,1,1,-
DA:217,0
DA:218,0
DA:220,0
DA:221,0
DA:223,0
DA:224,0
DA:226,0
DA:228,0
DA:229,0
FN:233,LibDeployment.getDeployment
FNDA:0,LibDeployment.getDeployment
DA:237,0
DA:238,0
FN:241,LibDeployment.getOrDeploy
FNDA:0,LibDeployment.getOrDeploy
DA:247,0
FN:250,LibDeployment.getOrDeploy
FNDA:0,LibDeployment.getOrDeploy
DA:256,0
FN:259,LibDeployment.deploy
FNDA:0,LibDeployment.deploy
DA:265,0
FN:277,LibDeployment.writeDeploymentArtifact
FNDA:0,LibDeployment.writeDeploymentArtifact
DA:281,0
DA:287,0
DA:288,0
DA:290,0
DA:291,0
BRDA:291,2,0,-
DA:292,0
DA:297,0
DA:298,0
DA:300,0
FN:313,LibDeployment.write
FNDA:0,LibDeployment.write
DA:314,0
DA:315,0
DA:316,0
DA:317,0
DA:318,0
FN:322,LibDeployment.pushArtifact
FNDA:0,LibDeployment.pushArtifact
DA:326,0
DA:327,0
DA:328,0
DA:329,0
DA:331,0
DA:332,0
FN:335,LibDeployment.pushArtifactFor
FNDA:0,LibDeployment.pushArtifactFor
DA:339,0
DA:340,0
DA:341,0
FN:348,LibDeployment.broadcast
FNDA:0,LibDeployment.broadcast
DA:349,0
DA:350,0
BRDA:350,3,0,-
BRDA:350,3,1,-
DA:351,0
DA:353,0
FN:357,LibDeployment.broadcastCreate
FNDA:0,LibDeployment.broadcastCreate
DA:362,0
DA:363,0
DA:365,0
FN:369,LibDeployment.broadcastDeployInitcode
FNDA:0,LibDeployment.broadcastDeployInitcode
DA:373,0
DA:374,0
FN:377,LibDeployment.findForgeArtifact
FNDA:0,LibDeployment.findForgeArtifact
DA:381,0
BRDA:381,4,0,-
DA:382,0
DA:383,0
DA:384,0
DA:385,0
DA:386,0
DA:387,0
DA:388,0
DA:389,0
DA:390,0
BRDA:390,5,0,-
DA:391,0
DA:395,0
DA:399,0
BRDA:399,6,0,-
DA:400,0
DA:402,0
FN:405,LibDeployment.withPrivateKeyVarName
FNDA:0,LibDeployment.withPrivateKeyVarName
DA:409,0
DA:410,0
FN:482,StandardInputJson.checkForBashFile
FNDA:0,StandardInputJson.checkForBashFile
DA:483,0
BRDA:483,0,0,-
DA:484,0
DA:486,0
DA:487,0
FN:491,StandardInputJson.writeStandardJson
FNDA:0,StandardInputJson.writeStandardJson
DA:492,0
DA:493,0
DA:494,0
DA:495,0
DA:496,0
DA:497,0
DA:498,0
DA:499,0
DA:501,0
DA:503,0
BRDA:503,1,0,-
DA:504,0
BRDA:504,2,0,-
DA:505,0
DA:506,0
DA:508,0
DA:510,0
FN:517,JsonUtil.create
FNDA:0,JsonUtil.create
DA:518,0
DA:521,0
DA:522,0
DA:525,0
DA:526,0
DA:527,0
DA:530,0
DA:531,0
DA:532,0
DA:534,0
DA:535,0
FN:539,JsonUtil.create
FNDA:0,JsonUtil.create
DA:540,0
DA:541,0
FN:544,JsonUtil.write
FNDA:0,JsonUtil.write
DA:545,0
FN:548,JsonUtil.set
FNDA:0,JsonUtil.set
DA:549,0
FN:552,JsonUtil.set
FNDA:0,JsonUtil.set
DA:553,0
FN:556,JsonUtil.has
FNDA:0,JsonUtil.has
DA:557,0
FN:560,JsonUtil.get
FNDA:0,JsonUtil.get
DA:561,0
FN:564,JsonUtil.has
FNDA:0,JsonUtil.has
DA:565,0
FN:568,JsonUtil.get
FNDA:0,JsonUtil.get
DA:569,0
FN:572,JsonUtil.set
FNDA:0,JsonUtil.set
DA:573,0
FNF:28
FNH:0
LF:120
LH:0
BRF:13
BRH:0
end_of_record
TN:
SF:src/HooksFactory.sol
FN:55,HooksFactory.
FNDA:31,HooksFactory.
DA:61,31
DA:62,31
DA:63,31
DA:64,31
DA:65,31
FN:75,HooksFactory.registerWithArchController
FNDA:586,HooksFactory.registerWithArchController
DA:76,586
FN:79,HooksFactory.archController
FNDA:31,HooksFactory.archController
DA:80,31
FN:90,HooksFactory._getTmpMarketParameters
FNDA:21188,HooksFactory._getTmpMarketParameters
DA:95,21188
FN:101,HooksFactory._setTmpMarketParameters
FNDA:21189,HooksFactory._setTmpMarketParameters
DA:102,21189
FN:109,HooksFactory.onlyArchControllerOwner
FNDA:14611,HooksFactory.onlyArchControllerOwner
DA:110,14611
BRDA:110,0,0,1596
DA:111,1596
FN:120,HooksFactory.addHooksTemplate
FNDA:14611,HooksFactory.addHooksTemplate
DA:128,1000
BRDA:128,1,0,1000
DA:129,1000
DA:131,12015
DA:132,12011
DA:142,12011
DA:143,12011
FN:153,HooksFactory._validateFees
FNDA:32202,HooksFactory._validateFees
DA:159,32202
DA:160,32202
DA:161,32202
DA:163,32202
DA:166,32194
DA:167,8
BRDA:167,2,0,8
DA:168,8
FN:176,HooksFactory.updateHooksTemplateFees
FNDA:22733,HooksFactory.updateHooksTemplateFees
DA:183,21187
BRDA:183,3,0,1000
DA:184,1000
DA:186,20187
DA:187,20183
DA:188,20183
DA:189,20183
DA:190,20183
DA:191,20183
DA:192,20183
FN:201,HooksFactory.disableHooksTemplate
FNDA:3570,HooksFactory.disableHooksTemplate
DA:202,2001
BRDA:202,4,0,1000
DA:203,1000
DA:205,1001
DA:207,1001
FN:210,HooksFactory.getHooksTemplateDetails
FNDA:8001,HooksFactory.getHooksTemplateDetails
DA:213,8001
FN:216,HooksFactory.isHooksTemplate
FNDA:1000,HooksFactory.isHooksTemplate
DA:217,1000
FN:220,HooksFactory.getHooksTemplates
FNDA:11000,HooksFactory.getHooksTemplates
DA:221,11000
FN:224,HooksFactory.getHooksTemplates
FNDA:5000,HooksFactory.getHooksTemplates
DA:228,5000
DA:229,5000
DA:230,5000
DA:231,5000
DA:232,5000
DA:233,5000
FN:237,HooksFactory.getHooksTemplatesCount
FNDA:5000,HooksFactory.getHooksTemplatesCount
DA:238,5000
FN:241,HooksFactory.getMarketsForHooksTemplate
FNDA:1,HooksFactory.getMarketsForHooksTemplate
DA:244,1
FN:247,HooksFactory.getMarketsForHooksTemplate
FNDA:2,HooksFactory.getMarketsForHooksTemplate
DA:252,2
DA:253,2
DA:254,2
DA:255,2
DA:256,2
DA:257,2
DA:258,3
FN:262,HooksFactory.getMarketsForHooksTemplateCount
FNDA:1,HooksFactory.getMarketsForHooksTemplateCount
DA:265,1
FN:275,HooksFactory.deployHooksInstance
FNDA:20709,HooksFactory.deployHooksInstance
DA:279,20709
BRDA:279,5,0,529
DA:280,529
DA:282,20180
FN:285,HooksFactory.isHooksInstance
FNDA:8012,HooksFactory.isHooksInstance
DA:286,8012
FN:289,HooksFactory._deployHooksInstance
FNDA:23180,HooksFactory._deployHooksInstance
DA:293,23180
DA:294,23180
BRDA:294,6,0,1
DA:295,1
DA:297,23179
BRDA:297,7,0,1
DA:298,1
DA:302,23178
DA:303,23178
DA:305,23178
DA:306,23178
DA:308,23178
DA:310,23178
DA:312,23178
DA:313,23178
DA:315,23178
DA:317,23178
DA:319,23178
DA:320,23178
BRDA:320,8,0,1
DA:321,1
DA:322,1
DA:326,23177
DA:327,23177
FN:338,HooksFactory.getMarketParameters
FNDA:21188,HooksFactory.getMarketParameters
DA:344,21188
DA:346,21188
DA:347,21188
DA:348,21188
DA:349,21188
DA:350,21188
DA:351,21188
DA:352,21188
DA:353,21188
DA:354,21188
DA:355,21188
DA:356,21188
DA:357,21188
DA:358,21188
DA:359,21188
DA:360,21188
DA:361,21188
DA:362,21188
DA:363,21188
DA:364,21188
FN:367,HooksFactory.computeMarketAddress
FNDA:21180,HooksFactory.computeMarketAddress
DA:368,21180
FN:376,HooksFactory._packString
FNDA:42381,HooksFactory._packString
DA:378,42381
DA:381,42381
BRDA:381,9,0,2
DA:382,2
DA:383,2
DA:387,42379
DA:389,42379
FN:393,HooksFactory._deployMarket
FNDA:24192,HooksFactory._deployMarket
DA:402,24192
BRDA:402,10,0,1
DA:403,1
DA:405,24191
DA:407,24191
BRDA:407,11,0,1000
DA:408,1000
DA:412,23191
DA:413,22191
DA:414,2000
BRDA:414,12,0,2000
DA:415,2000
DA:418,21191
BRDA:418,13,0,954
DA:419,954
DA:426,21191
DA:428,21191
DA:434,21191
DA:436,21191
DA:437,21191
DA:439,21191
DA:458,21191
DA:459,21190
DA:462,21189
DA:464,21189
BRDA:464,14,0,1
DA:465,1
DA:467,21188
DA:469,21188
DA:471,21188
DA:473,21188
DA:475,21188
FN:491,HooksFactory.deployMarket
FNDA:21732,HooksFactory.deployMarket
DA:498,21732
BRDA:498,15,0,539
DA:499,539
DA:501,21193
DA:502,21193
DA:503,21193
BRDA:503,16,0,1
DA:504,1
DA:506,21192
DA:507,21192
FN:518,HooksFactory.deployMarketAndHooks
FNDA:5551,HooksFactory.deployMarketAndHooks
DA:527,5551
BRDA:527,17,0,1551
DA:528,1551
DA:530,4000
DA:531,4000
BRDA:531,18,0,1000
DA:532,1000
DA:534,3000
DA:535,3000
DA:536,3000
FN:553,HooksFactory.pushProtocolFeeBipsUpdates
FNDA:576,HooksFactory.pushProtocolFeeBipsUpdates
DA:558,1101
DA:559,1101
BRDA:559,19,0,1097
DA:561,4
DA:562,4
DA:563,4
DA:564,4
DA:565,4
DA:569,4
DA:570,4
DA:572,4
DA:573,4
DA:575,4
DA:577,4
DA:578,5
DA:580,5
BRDA:580,20,0,1
DA:582,1
DA:583,1
FN:594,HooksFactory.pushProtocolFeeBipsUpdates
FNDA:525,HooksFactory.pushProtocolFeeBipsUpdates
DA:595,525
FNF:29
FNH:29
LF:169
LH:169
BRF:21
BRH:21
end_of_record
TN:
SF:src/ReentrancyGuard.sol
FN:37,ReentrancyGuard.nonReentrant
FNDA:6120,ReentrancyGuard.nonReentrant
DA:38,6120
DA:40,5021
FN:47,ReentrancyGuard.nonReentrantView
FNDA:23228,ReentrancyGuard.nonReentrantView
DA:48,23228
FN:57,ReentrancyGuard._setReentrancyGuard
FNDA:292460,ReentrancyGuard._setReentrancyGuard
DA:60,292460
DA:64,292460
BRDA:64,0,0,1
DA:65,1
DA:66,1
DA:71,292459
FN:78,ReentrancyGuard._clearReentrancyGuard
FNDA:270036,ReentrancyGuard._clearReentrancyGuard
DA:81,270036
FN:89,ReentrancyGuard._assertNonReentrant
FNDA:460343,ReentrancyGuard._assertNonReentrant
DA:93,460343
BRDA:93,1,0,1
DA:94,1
DA:95,1
FNF:5
FNH:5
LF:12
LH:12
BRF:2
BRH:2
end_of_record
TN:
SF:src/WildcatArchController.sol
FN:61,WildcatArchController.
FNDA:71,WildcatArchController.
DA:62,71
FN:73,WildcatArchController.updateSphereXEngineOnRegisteredContracts
FNDA:1582,WildcatArchController.updateSphereXEngineOnRegisteredContracts
DA:78,5
DA:79,5
DA:83,5
DA:84,5
BRDA:84,0,0,4
DA:85,4
DA:90,5
DA:98,4
DA:106,3
FN:116,WildcatArchController._updateSphereXEngineOnRegisteredContractsInSet
FNDA:12,WildcatArchController._updateSphereXEngineOnRegisteredContractsInSet
DA:124,12
DA:125,7
DA:126,7
BRDA:126,1,0,3
DA:127,3
DA:129,3
DA:130,3
DA:133,4
DA:134,4
BRDA:134,2,0,2
DA:136,2
DA:138,2
DA:139,2
FN:144,WildcatArchController._callWith
FNDA:6,WildcatArchController._callWith
DA:146,6
BRDA:146,3,0,-
DA:147,0
DA:148,0
FN:157,WildcatArchController.registerBorrower
FNDA:23687,WildcatArchController.registerBorrower
DA:158,23186
BRDA:158,4,0,1
DA:159,1
DA:161,23185
FN:164,WildcatArchController.removeBorrower
FNDA:610,WildcatArchController.removeBorrower
DA:165,4
BRDA:165,5,0,1
DA:166,1
DA:168,3
FN:171,WildcatArchController.isRegisteredBorrower
FNDA:65166,WildcatArchController.isRegisteredBorrower
DA:172,65166
FN:175,WildcatArchController.getRegisteredBorrowers
FNDA:2,WildcatArchController.getRegisteredBorrowers
DA:176,2
FN:179,WildcatArchController.getRegisteredBorrowers
FNDA:2,WildcatArchController.getRegisteredBorrowers
DA:183,2
DA:184,2
DA:185,2
DA:186,2
DA:187,2
DA:188,3
FN:192,WildcatArchController.getRegisteredBorrowersCount
FNDA:2,WildcatArchController.getRegisteredBorrowersCount
DA:193,2
FN:200,WildcatArchController.addBlacklist
FNDA:577,WildcatArchController.addBlacklist
DA:201,8
BRDA:201,6,0,1
DA:202,1
DA:204,7
FN:207,WildcatArchController.removeBlacklist
FNDA:616,WildcatArchController.removeBlacklist
DA:208,4
BRDA:208,7,0,1
DA:209,1
DA:211,3
FN:214,WildcatArchController.isBlacklistedAsset
FNDA:24195,WildcatArchController.isBlacklistedAsset
DA:215,24195
FN:218,WildcatArchController.getBlacklistedAssets
FNDA:2,WildcatArchController.getBlacklistedAssets
DA:219,2
FN:222,WildcatArchController.getBlacklistedAssets
FNDA:2,WildcatArchController.getBlacklistedAssets
DA:226,2
DA:227,2
DA:228,2
DA:229,2
DA:230,2
DA:231,3
FN:235,WildcatArchController.getBlacklistedAssetsCount
FNDA:2,WildcatArchController.getBlacklistedAssetsCount
DA:236,2
FN:245,WildcatArchController.registerControllerFactory
FNDA:582,WildcatArchController.registerControllerFactory
DA:246,48
BRDA:246,8,0,1
DA:247,1
DA:249,47
DA:250,47
FN:253,WildcatArchController.removeControllerFactory
FNDA:540,WildcatArchController.removeControllerFactory
DA:254,4
BRDA:254,9,0,1
DA:255,1
DA:257,3
FN:260,WildcatArchController.isRegisteredControllerFactory
FNDA:609,WildcatArchController.isRegisteredControllerFactory
DA:261,609
FN:264,WildcatArchController.getRegisteredControllerFactories
FNDA:2,WildcatArchController.getRegisteredControllerFactories
DA:265,2
FN:268,WildcatArchController.getRegisteredControllerFactories
FNDA:2,WildcatArchController.getRegisteredControllerFactories
DA:272,2
DA:273,2
DA:274,2
DA:275,2
DA:276,2
DA:277,3
FN:281,WildcatArchController.getRegisteredControllerFactoriesCount
FNDA:2,WildcatArchController.getRegisteredControllerFactoriesCount
DA:282,2
FN:289,WildcatArchController.onlyControllerFactory
FNDA:2145,WildcatArchController.onlyControllerFactory
DA:290,2145
BRDA:290,10,0,1546
DA:291,1546
FN:296,WildcatArchController.registerController
FNDA:2145,WildcatArchController.registerController
DA:297,599
BRDA:297,11,0,556
DA:298,556
DA:300,43
DA:301,43
FN:304,WildcatArchController.removeController
FNDA:548,WildcatArchController.removeController
DA:305,3
BRDA:305,12,0,1
DA:306,1
DA:308,2
FN:311,WildcatArchController.isRegisteredController
FNDA:605,WildcatArchController.isRegisteredController
DA:312,605
FN:315,WildcatArchController.getRegisteredControllers
FNDA:3,WildcatArchController.getRegisteredControllers
DA:316,3
FN:319,WildcatArchController.getRegisteredControllers
FNDA:2,WildcatArchController.getRegisteredControllers
DA:323,2
DA:324,2
DA:325,2
DA:326,2
DA:327,2
DA:328,3
FN:332,WildcatArchController.getRegisteredControllersCount
FNDA:1,WildcatArchController.getRegisteredControllersCount
DA:333,1
FN:340,WildcatArchController.onlyController
FNDA:22764,WildcatArchController.onlyController
DA:341,22764
BRDA:341,13,0,1569
DA:342,1569
FN:347,WildcatArchController.registerMarket
FNDA:22764,WildcatArchController.registerMarket
DA:348,21195
BRDA:348,14,0,1
DA:349,1
DA:351,21194
DA:352,21194
FN:355,WildcatArchController.removeMarket
FNDA:538,WildcatArchController.removeMarket
DA:356,4
BRDA:356,15,0,1
DA:357,1
DA:359,3
FN:362,WildcatArchController.isRegisteredMarket
FNDA:263136,WildcatArchController.isRegisteredMarket
DA:363,263136
FN:366,WildcatArchController.getRegisteredMarkets
FNDA:4,WildcatArchController.getRegisteredMarkets
DA:367,4
FN:370,WildcatArchController.getRegisteredMarkets
FNDA:2,WildcatArchController.getRegisteredMarkets
DA:374,2
DA:375,2
DA:376,2
DA:377,2
DA:378,2
DA:379,3
FN:383,WildcatArchController.getRegisteredMarketsCount
FNDA:2,WildcatArchController.getRegisteredMarketsCount
DA:384,2
FNF:36
FNH:36
LF:105
LH:103
BRF:16
BRH:15
end_of_record
TN:
SF:src/WildcatSanctionsEscrow.sol
FN:17,WildcatSanctionsEscrow.
FNDA:7557,WildcatSanctionsEscrow.
DA:18,7557
DA:19,7557
FN:22,WildcatSanctionsEscrow.balance
FNDA:4506,WildcatSanctionsEscrow.balance
DA:23,9090
FN:26,WildcatSanctionsEscrow.canReleaseEscrow
FNDA:2003,WildcatSanctionsEscrow.canReleaseEscrow
DA:27,3085
FN:30,WildcatSanctionsEscrow.escrowedAsset
FNDA:4004,WildcatSanctionsEscrow.escrowedAsset
DA:31,4004
FN:34,WildcatSanctionsEscrow.releaseEscrow
FNDA:1082,WildcatSanctionsEscrow.releaseEscrow
DA:35,1082
BRDA:35,0,0,502
DA:37,580
DA:38,501
DA:39,501
DA:41,501
DA:43,501
FNF:5
FNH:5
LF:11
LH:11
BRF:1
BRH:1
end_of_record
TN:
SF:src/WildcatSanctionsSentinel.sol
FN:34,WildcatSanctionsSentinel.
FNDA:23,WildcatSanctionsSentinel.
DA:35,23
DA:36,23
DA:37,23
FN:44,WildcatSanctionsSentinel._resetTmpEscrowParams
FNDA:7575,WildcatSanctionsSentinel._resetTmpEscrowParams
DA:45,7575
FN:52,WildcatSanctionsSentinel._deriveSalt
FNDA:19120,WildcatSanctionsSentinel._deriveSalt
DA:59,19120
DA:61,19120
DA:62,19120
DA:63,19120
DA:64,19120
DA:66,19120
FN:77,WildcatSanctionsSentinel.isFlaggedByChainalysis
FNDA:6032,WildcatSanctionsSentinel.isFlaggedByChainalysis
DA:78,233409
FN:85,WildcatSanctionsSentinel.isSanctioned
FNDA:227882,WildcatSanctionsSentinel.isSanctioned
DA:86,227882
FN:96,WildcatSanctionsSentinel.overrideSanction
FNDA:1037,WildcatSanctionsSentinel.overrideSanction
DA:97,1037
DA:98,1037
FN:104,WildcatSanctionsSentinel.removeSanctionOverride
FNDA:514,WildcatSanctionsSentinel.removeSanctionOverride
DA:105,514
DA:106,514
FN:121,WildcatSanctionsSentinel.createEscrow
FNDA:8559,WildcatSanctionsSentinel.createEscrow
DA:126,8559
DA:129,8559
DA:131,7557
DA:133,7557
DA:135,7552
DA:137,7552
DA:139,7552
DA:141,7552
FN:148,WildcatSanctionsSentinel.getEscrowAddress
FNDA:3004,WildcatSanctionsSentinel.getEscrowAddress
DA:153,11563
DA:154,11563
DA:157,11563
DA:160,11563
DA:163,11563
DA:166,11563
DA:169,11563
DA:172,11563
FNF:9
FNH:9
LF:32
LH:32
BRF:0
BRH:0
end_of_record
TN:
SF:src/access/AccessControlHooks.sol
FN:106,AccessControlHooks.onlyBorrower
FNDA:6064,AccessControlHooks.onlyBorrower
DA:107,6064
BRDA:107,0,0,540
FN:121,AccessControlHooks.
FNDA:211,AccessControlHooks.
DA:122,211
DA:124,211
DA:129,211
DA:143,211
DA:146,211
FN:149,AccessControlHooks.version
FNDA:6535,AccessControlHooks.version
DA:150,6535
FN:159,AccessControlHooks._onCreateMarket
FNDA:2183,AccessControlHooks._onCreateMarket
DA:166,2183
DA:167,2183
BRDA:167,1,0,1
DA:168,2182
DA:169,2182
DA:170,2182
BRDA:170,2,0,4
DA:172,4
DA:174,4
DA:180,2182
DA:187,2181
BRDA:187,3,0,1187
DA:188,1187
DA:192,2181
DA:193,2181
FN:200,AccessControlHooks.setMinimumDeposit
FNDA:555,AccessControlHooks.setMinimumDeposit
DA:201,2
DA:202,2
BRDA:202,4,0,1
DA:203,1
DA:204,1
FN:217,AccessControlHooks.addRoleProvider
FNDA:23337,AccessControlHooks.addRoleProvider
DA:218,22716
DA:219,22716
BRDA:219,5,0,19716
BRDA:219,5,1,1486
DA:220,19716
DA:223,18716
DA:228,4570
BRDA:228,6,0,4570
DA:229,4570
DA:231,18716
DA:234,3000
DA:235,3000
DA:236,3000
BRDA:236,7,0,1486
BRDA:236,7,1,1486
DA:237,1486
DA:239,3000
DA:242,21716
FN:249,AccessControlHooks.removeRoleProvider
FNDA:4597,AccessControlHooks.removeRoleProvider
DA:250,4020
DA:251,4020
BRDA:251,8,0,1
DA:253,4019
DA:254,4019
DA:256,4019
BRDA:256,9,0,821
DA:257,821
FN:267,AccessControlHooks._removePullProvider
FNDA:821,AccessControlHooks._removePullProvider
DA:269,821
DA:271,821
BRDA:271,10,0,820
DA:272,820
DA:273,820
DA:277,1
DA:278,1
DA:279,1
DA:280,1
DA:281,1
DA:283,1
FN:290,AccessControlHooks.getRoleProvider
FNDA:16046,AccessControlHooks.getRoleProvider
DA:291,16046
FN:294,AccessControlHooks.getPullProviders
FNDA:9044,AccessControlHooks.getPullProviders
DA:295,9044
FN:302,AccessControlHooks.getHookedMarket
FNDA:2182,AccessControlHooks.getHookedMarket
DA:303,2182
FN:310,AccessControlHooks.getPreviousLenderStatus
FNDA:3977,AccessControlHooks.getPreviousLenderStatus
DA:313,3977
FN:327,AccessControlHooks.getLenderStatus
FNDA:9975,AccessControlHooks.getLenderStatus
DA:330,9975
DA:332,9975
DA:335,9975
BRDA:335,11,0,1322
DA:336,1322
DA:337,1322
BRDA:337,12,0,803
DA:340,803
DA:344,111
BRDA:344,14,0,111
DA:345,111
BRDA:345,15,0,-
DA:346,0
DA:349,111
DA:354,746
DA:358,9399
BRDA:358,16,0,7
DA:359,7
FN:376,AccessControlHooks.grantRole
FNDA:38534,AccessControlHooks.grantRole
DA:377,38534
DA:379,38534
BRDA:379,17,0,1523
DA:381,37011
FN:393,AccessControlHooks.grantRoles
FNDA:1559,AccessControlHooks.grantRoles
DA:394,1559
DA:396,1559
BRDA:396,18,0,1547
DA:398,12
BRDA:398,19,0,10
DA:399,2
DA:400,8
FN:404,AccessControlHooks._grantRole
FNDA:37019,AccessControlHooks._grantRole
DA:409,37019
DA:411,37019
DA:414,37019
BRDA:414,20,0,1000
DA:417,36019
BRDA:417,21,0,24029
DA:418,24029
DA:421,24029
BRDA:421,22,0,23044
DA:422,23044
DA:426,23044
BRDA:426,23,0,1000
DA:427,1000
DA:432,35019
FN:435,AccessControlHooks.revokeRole
FNDA:1760,AccessControlHooks.revokeRole
DA:436,1760
DA:437,1760
BRDA:437,24,0,544
DA:438,544
DA:440,1216
DA:441,1216
DA:442,1216
FN:445,AccessControlHooks.blockFromDeposits
FNDA:6064,AccessControlHooks.blockFromDeposits
DA:446,5524
DA:447,5524
BRDA:447,25,0,2001
DA:448,2001
DA:449,2001
DA:451,5524
DA:452,5524
DA:453,5524
FN:456,AccessControlHooks.unblockFromDeposits
FNDA:1546,AccessControlHooks.unblockFromDeposits
DA:457,1000
DA:458,1000
DA:459,1000
DA:460,1000
FN:470,AccessControlHooks._tryGetCredential
FNDA:12118,AccessControlHooks._tryGetCredential
DA:476,12118
DA:478,12118
DA:479,12118
DA:481,12118
DA:482,12118
DA:484,12118
BRDA:484,26,0,11445
DA:487,11445
DA:492,12118
BRDA:492,27,0,809
DA:493,809
DA:497,11309
BRDA:497,28,0,11263
DA:499,11263
DA:500,11263
FN:504,AccessControlHooks._readAddress
FNDA:1277,AccessControlHooks._readAddress
DA:506,1277
FN:525,AccessControlHooks._tryValidateCredential
FNDA:911,AccessControlHooks._tryValidateCredential
DA:530,911
DA:531,911
DA:532,911
DA:533,911
DA:534,183
DA:535,183
DA:538,183
DA:540,183
DA:542,183
DA:543,183
DA:545,183
DA:547,183
DA:549,183
DA:551,183
DA:553,183
BRDA:553,30,0,51
DA:563,95
DA:566,44
DA:567,44
DA:569,51
DA:572,51
DA:577,139
BRDA:577,31,0,88
DA:578,88
DA:581,51
BRDA:581,32,0,18
DA:582,18
DA:583,18
FN:588,AccessControlHooks._loopTryGetCredential
FNDA:22475,AccessControlHooks._loopTryGetCredential
DA:593,22475
DA:594,22475
DA:595,12019
DA:596,11834
DA:597,11834
FN:617,AccessControlHooks._handleHooksData
FNDA:13161,AccessControlHooks._handleHooksData
DA:623,13161
BRDA:623,35,0,366
BRDA:623,35,1,11884
DA:626,366
DA:627,366
DA:628,366
BRDA:628,36,0,81
DA:629,81
DA:631,12795
BRDA:631,37,0,911
DA:634,911
FN:654,AccessControlHooks._tryValidateAccessInner
FNDA:39970,AccessControlHooks._tryValidateAccessInner
DA:660,39970
DA:665,39970
BRDA:665,38,0,26809
DA:666,26809
DA:670,13161
BRDA:670,39,0,23
DA:671,23
DA:674,13094
DA:677,13094
BRDA:677,40,0,92
DA:678,92
BRDA:678,41,0,18
DA:679,18
DA:682,74
DA:686,13076
BRDA:686,42,0,11233
DA:687,11233
DA:692,1843
BRDA:692,43,0,574
DA:693,574
DA:694,574
FN:698,AccessControlHooks._tryValidateAccess
FNDA:1129,AccessControlHooks._tryValidateAccess
DA:703,1129
DA:704,1129
DA:705,1120
FN:713,AccessControlHooks._writeLenderStatus
FNDA:37736,AccessControlHooks._writeLenderStatus
DA:720,11381
BRDA:720,44,0,11381
DA:721,11247
BRDA:721,45,0,11247
BRDA:721,45,1,134
DA:722,11247
DA:728,134
DA:734,37736
DA:737,35989
BRDA:737,46,0,35989
DA:738,35989
DA:739,35989
DA:743,11381
BRDA:743,47,0,11381
FN:746,AccessControlHooks._setCredentialAndEmitAccessGranted
FNDA:35019,AccessControlHooks._setCredentialAndEmitAccessGranted
DA:753,35019
DA:755,35019
DA:756,35019
FN:769,AccessControlHooks.onDeposit
FNDA:34403,AccessControlHooks.onDeposit
DA:775,34403
DA:776,34403
BRDA:776,48,0,568
DA:779,33835
DA:782,386
BRDA:782,49,0,386
DA:785,33449
DA:786,33449
BRDA:786,50,0,1
DA:787,1
DA:793,33448
DA:799,33438
BRDA:799,51,0,215
DA:800,215
DA:803,33223
FN:812,AccessControlHooks.onQueueWithdrawal
FNDA:128444,AccessControlHooks.onQueueWithdrawal
DA:819,128444
DA:821,128444
DA:822,208
BRDA:822,52,0,208
DA:823,208
FN:830,AccessControlHooks.onExecuteWithdrawal
FNDA:574,AccessControlHooks.onExecuteWithdrawal
FN:850,AccessControlHooks.onTransfer
FNDA:10400,AccessControlHooks.onTransfer
DA:858,10400
DA:860,10400
BRDA:860,53,0,573
DA:863,9827
BRDA:863,54,0,3394
DA:864,3394
DA:866,1
BRDA:866,55,0,1
DA:871,3393
DA:874,3393
BRDA:874,56,0,-
DA:875,0
DA:878,3393
FN:885,AccessControlHooks.onBorrow
FNDA:548,AccessControlHooks.onBorrow
FN:894,AccessControlHooks.onRepay
FNDA:556,AccessControlHooks.onRepay
FN:900,AccessControlHooks.onCloseMarket
FNDA:612,AccessControlHooks.onCloseMarket
FN:905,AccessControlHooks.onNukeFromOrbit
FNDA:575,AccessControlHooks.onNukeFromOrbit
FN:911,AccessControlHooks.onSetMaxTotalSupply
FNDA:525,AccessControlHooks.onSetMaxTotalSupply
FN:917,AccessControlHooks.onSetAnnualInterestAndReserveRatioBips
FNDA:1569,AccessControlHooks.onSetAnnualInterestAndReserveRatioBips
DA:928,1569
DA:929,1569
FN:937,AccessControlHooks.onSetProtocolFeeBips
FNDA:575,AccessControlHooks.onSetProtocolFeeBips
FNF:39
FNH:39
LF:210
LH:208
BRF:57
BRH:55
end_of_record
TN:
SF:src/access/FixedTermLoanHooks.sol
FN:117,FixedTermLoanHooks.onlyBorrower
FNDA:4,FixedTermLoanHooks.onlyBorrower
DA:118,4
BRDA:118,0,0,1
FN:132,FixedTermLoanHooks.
FNDA:52,FixedTermLoanHooks.
DA:133,52
DA:135,52
DA:140,52
DA:154,52
DA:157,52
FN:160,FixedTermLoanHooks.version
FNDA:1,FixedTermLoanHooks.version
DA:161,1
FN:170,FixedTermLoanHooks._onCreateMarket
FNDA:1012,FixedTermLoanHooks._onCreateMarket
DA:177,1012
DA:178,1012
BRDA:178,1,0,1
DA:179,1011
BRDA:179,2,0,1
DA:181,1010
DA:183,1010
DA:185,1010
DA:189,1010
DA:190,2
BRDA:190,3,0,2
DA:191,2
DA:193,1008
DA:195,1008
DA:196,1008
BRDA:196,4,0,1007
DA:198,1007
DA:200,1007
DA:207,1008
DA:216,1007
BRDA:216,5,0,503
DA:217,503
DA:221,1007
DA:222,1007
FN:229,FixedTermLoanHooks.setMinimumDeposit
FNDA:3,FixedTermLoanHooks.setMinimumDeposit
DA:230,2
DA:231,2
BRDA:231,6,0,1
DA:232,1
DA:233,1
FN:236,FixedTermLoanHooks.setFixedTermEndTime
FNDA:4,FixedTermLoanHooks.setFixedTermEndTime
DA:237,3
DA:238,3
BRDA:238,7,0,1
DA:239,2
BRDA:239,8,0,1
DA:240,1
DA:241,1
FN:254,FixedTermLoanHooks.addRoleProvider
FNDA:20198,FixedTermLoanHooks.addRoleProvider
DA:255,20197
DA:256,20197
BRDA:256,9,0,17197
BRDA:256,9,1,1486
DA:257,17197
DA:260,16197
DA:265,3866
BRDA:265,10,0,3866
DA:266,3866
DA:268,16197
DA:271,3000
DA:272,3000
DA:273,3000
BRDA:273,11,0,1486
BRDA:273,11,1,1486
DA:274,1486
DA:276,3000
DA:279,19197
FN:286,FixedTermLoanHooks.removeRoleProvider
FNDA:2693,FixedTermLoanHooks.removeRoleProvider
DA:287,2692
DA:288,2692
BRDA:288,12,0,1
DA:290,2691
DA:291,2691
DA:293,2691
BRDA:293,13,0,599
DA:294,599
FN:304,FixedTermLoanHooks._removePullProvider
FNDA:599,FixedTermLoanHooks._removePullProvider
DA:306,599
DA:308,599
BRDA:308,14,0,598
DA:309,598
DA:310,598
DA:314,1
DA:315,1
DA:316,1
DA:317,1
DA:318,1
DA:320,1
FN:327,FixedTermLoanHooks.getRoleProvider
FNDA:16056,FixedTermLoanHooks.getRoleProvider
DA:328,16056
FN:331,FixedTermLoanHooks.getPullProviders
FNDA:9054,FixedTermLoanHooks.getPullProviders
DA:332,9054
FN:339,FixedTermLoanHooks.getHookedMarket
FNDA:1005,FixedTermLoanHooks.getHookedMarket
DA:340,1005
FN:347,FixedTermLoanHooks.getPreviousLenderStatus
FNDA:1975,FixedTermLoanHooks.getPreviousLenderStatus
DA:350,1975
FN:364,FixedTermLoanHooks.getLenderStatus
FNDA:5975,FixedTermLoanHooks.getLenderStatus
DA:367,5975
DA:369,5975
DA:372,5975
BRDA:372,15,0,322
DA:373,322
DA:374,322
BRDA:374,16,0,309
DA:377,309
DA:381,0
BRDA:381,18,0,-
DA:382,0
BRDA:382,19,0,-
DA:383,0
DA:386,0
DA:391,14
DA:395,5667
BRDA:395,20,0,-
DA:396,0
FN:413,FixedTermLoanHooks.grantRole
FNDA:11941,FixedTermLoanHooks.grantRole
DA:414,11941
DA:416,11941
BRDA:416,21,0,1000
DA:418,10941
FN:430,FixedTermLoanHooks.grantRoles
FNDA:1003,FixedTermLoanHooks.grantRoles
DA:431,1003
DA:433,1003
BRDA:433,22,0,1000
DA:435,3
BRDA:435,23,0,1
DA:436,2
DA:437,8
FN:441,FixedTermLoanHooks._grantRole
FNDA:10949,FixedTermLoanHooks._grantRole
DA:446,10949
DA:448,10949
DA:451,10949
BRDA:451,24,0,1000
DA:454,9949
BRDA:454,25,0,2974
DA:455,2974
DA:458,2974
BRDA:458,26,0,1990
DA:459,1990
DA:463,1990
BRDA:463,27,0,1000
DA:464,1000
DA:469,8949
FN:472,FixedTermLoanHooks.revokeRole
FNDA:423,FixedTermLoanHooks.revokeRole
DA:473,423
DA:474,423
BRDA:474,28,0,1
DA:475,1
DA:477,422
DA:478,422
DA:479,422
FN:482,FixedTermLoanHooks.blockFromDeposits
FNDA:3508,FixedTermLoanHooks.blockFromDeposits
DA:483,3507
DA:484,3507
BRDA:484,29,0,1000
DA:485,1000
DA:486,1000
DA:488,3507
DA:489,3507
DA:490,3507
FN:493,FixedTermLoanHooks.unblockFromDeposits
FNDA:1001,FixedTermLoanHooks.unblockFromDeposits
DA:494,1000
DA:495,1000
DA:496,1000
DA:497,1000
FN:507,FixedTermLoanHooks._tryGetCredential
FNDA:461,FixedTermLoanHooks._tryGetCredential
DA:513,461
DA:515,461
DA:516,461
DA:518,461
DA:519,461
DA:521,461
BRDA:521,30,0,67
DA:524,67
DA:529,461
BRDA:529,31,0,415
DA:530,415
DA:534,46
BRDA:534,32,0,16
DA:536,16
DA:537,16
FN:541,FixedTermLoanHooks._readAddress
FNDA:461,FixedTermLoanHooks._readAddress
DA:543,461
FN:562,FixedTermLoanHooks._tryValidateCredential
FNDA:237,FixedTermLoanHooks._tryValidateCredential
DA:567,237
DA:568,237
DA:569,237
DA:570,237
DA:571,112
DA:572,112
DA:575,112
DA:577,112
DA:579,112
DA:580,112
DA:582,112
DA:584,112
DA:586,112
DA:588,112
DA:590,112
BRDA:590,34,0,29
DA:600,54
DA:603,25
DA:604,25
DA:606,29
DA:609,29
DA:614,87
BRDA:614,35,0,58
DA:615,58
DA:618,29
BRDA:618,36,0,11
DA:619,11
DA:620,11
FN:625,FixedTermLoanHooks._loopTryGetCredential
FNDA:6488,FixedTermLoanHooks._loopTryGetCredential
DA:630,6488
DA:631,6488
DA:632,397
DA:633,350
DA:634,350
FN:654,FixedTermLoanHooks._handleHooksData
FNDA:873,FixedTermLoanHooks._handleHooksData
DA:660,873
BRDA:660,39,0,224
BRDA:660,39,1,412
DA:663,224
DA:664,224
DA:665,224
BRDA:665,40,0,52
DA:666,52
DA:668,649
BRDA:668,41,0,237
DA:671,237
FN:691,FixedTermLoanHooks._tryValidateAccessInner
FNDA:2000,FixedTermLoanHooks._tryValidateAccessInner
DA:697,2000
DA:702,2000
BRDA:702,42,0,1127
DA:703,1127
DA:707,873
BRDA:707,43,0,15
DA:708,15
DA:711,833
DA:714,833
BRDA:714,44,0,59
DA:715,59
BRDA:715,45,0,12
DA:716,12
DA:719,47
DA:723,821
BRDA:723,46,0,-
DA:724,0
DA:729,821
BRDA:729,47,0,355
DA:730,355
DA:731,355
FN:735,FixedTermLoanHooks._tryValidateAccess
FNDA:0,FixedTermLoanHooks._tryValidateAccess
DA:740,0
DA:741,0
DA:742,0
FN:750,FixedTermLoanHooks._writeLenderStatus
FNDA:0,FixedTermLoanHooks._writeLenderStatus
DA:757,0
BRDA:757,48,0,-
DA:758,0
BRDA:758,49,0,-
BRDA:758,49,1,-
DA:759,0
DA:765,0
DA:771,0
DA:774,0
BRDA:774,50,0,-
DA:775,0
DA:776,0
DA:780,0
BRDA:780,51,0,-
FN:783,FixedTermLoanHooks._setCredentialAndEmitAccessGranted
FNDA:8949,FixedTermLoanHooks._setCredentialAndEmitAccessGranted
DA:790,8949
DA:792,8949
DA:793,8949
FN:805,FixedTermLoanHooks.onDeposit
FNDA:1,FixedTermLoanHooks.onDeposit
DA:811,1
DA:812,1
BRDA:812,52,0,1
DA:815,0
DA:818,0
BRDA:818,53,0,-
DA:821,0
DA:822,0
BRDA:822,54,0,-
DA:823,0
DA:829,0
DA:835,0
BRDA:835,55,0,-
DA:836,0
DA:839,0
FN:848,FixedTermLoanHooks.onQueueWithdrawal
FNDA:3,FixedTermLoanHooks.onQueueWithdrawal
DA:855,3
DA:856,3
BRDA:856,56,0,1
DA:857,2
BRDA:857,57,0,1
DA:858,1
DA:860,1
DA:861,0
BRDA:861,58,0,-
DA:863,0
DA:864,0
BRDA:864,59,0,-
DA:865,0
FN:873,FixedTermLoanHooks.onExecuteWithdrawal
FNDA:0,FixedTermLoanHooks.onExecuteWithdrawal
FN:893,FixedTermLoanHooks.onTransfer
FNDA:0,FixedTermLoanHooks.onTransfer
DA:901,0
DA:903,0
BRDA:903,60,0,-
DA:906,0
BRDA:906,61,0,-
DA:907,0
DA:909,0
BRDA:909,62,0,-
DA:914,0
DA:917,0
BRDA:917,63,0,-
DA:918,0
DA:921,0
FN:928,FixedTermLoanHooks.onBorrow
FNDA:0,FixedTermLoanHooks.onBorrow
FN:937,FixedTermLoanHooks.onRepay
FNDA:0,FixedTermLoanHooks.onRepay
FN:943,FixedTermLoanHooks.onCloseMarket
FNDA:0,FixedTermLoanHooks.onCloseMarket
FN:948,FixedTermLoanHooks.onNukeFromOrbit
FNDA:0,FixedTermLoanHooks.onNukeFromOrbit
FN:954,FixedTermLoanHooks.onSetMaxTotalSupply
FNDA:0,FixedTermLoanHooks.onSetMaxTotalSupply
FN:960,FixedTermLoanHooks.onSetAnnualInterestAndReserveRatioBips
FNDA:0,FixedTermLoanHooks.onSetAnnualInterestAndReserveRatioBips
DA:971,0
DA:972,0
FN:980,FixedTermLoanHooks.onSetProtocolFeeBips
FNDA:0,FixedTermLoanHooks.onSetProtocolFeeBips
FNF:40
FNH:29
LF:227
LH:185
BRF:64
BRH:46
end_of_record
TN:
SF:src/access/IHooks.sol
FN:13,IHooks.
FNDA:23271,IHooks.
DA:14,23271
FN:25,IHooks.onCreateMarket
FNDA:22797,IHooks.onCreateMarket
DA:31,22797
BRDA:31,0,0,589
DA:32,22208
FNF:2
FNH:2
LF:3
LH:3
BRF:1
BRH:1
end_of_record
TN:
SF:src/access/MarketConstraintHooks.sol
FN:57,MarketConstraintHooks.assertValueInRange
FNDA:17544,MarketConstraintHooks.assertValueInRange
DA:64,17544
BRDA:64,0,0,122
DA:65,122
DA:66,122
FN:77,MarketConstraintHooks.enforceParameterConstraints
FNDA:3195,MarketConstraintHooks.enforceParameterConstraints
DA:84,3195
DA:90,3195
DA:96,3195
DA:102,3195
DA:108,3195
FN:120,MarketConstraintHooks.getParameterConstraints
FNDA:2,MarketConstraintHooks.getParameterConstraints
DA:125,2
DA:126,2
DA:127,2
DA:128,2
DA:129,2
DA:130,2
DA:131,2
DA:132,2
DA:133,2
DA:134,2
FN:137,MarketConstraintHooks._onCreateMarket
FNDA:3195,MarketConstraintHooks._onCreateMarket
DA:143,3195
FN:160,MarketConstraintHooks._calculateTemporaryReserveRatioBips
FNDA:764,MarketConstraintHooks._calculateTemporaryReserveRatioBips
DA:167,764
DA:174,764
BRDA:174,1,0,47
BRDA:174,1,1,717
DA:175,47
DA:179,717
DA:182,717
FN:204,MarketConstraintHooks.onSetAnnualInterestAndReserveRatioBips
FNDA:1569,MarketConstraintHooks.onSetAnnualInterestAndReserveRatioBips
DA:210,1569
DA:214,1569
DA:216,1569
DA:224,1447
DA:226,1447
BRDA:226,2,0,5
DA:227,5
DA:230,5
DA:231,5
BRDA:231,3,0,2
DA:235,1
BRDA:235,4,0,1
BRDA:235,4,1,1
DA:236,1
DA:238,1
DA:240,2
DA:241,2
DA:246,1445
DA:250,1445
BRDA:250,5,0,764
DA:254,764
DA:259,764
DA:260,764
BRDA:260,6,0,761
BRDA:260,6,1,3
DA:263,761
DA:269,761
DA:270,761
DA:274,3
BRDA:274,7,0,2
DA:275,2
DA:277,3
DA:284,764
DA:285,764
DA:286,764
FNF:6
FNH:6
LF:51
LH:51
BRF:11
BRH:11
end_of_record
TN:
SF:src/libraries/BoolUtils.sol
FN:5,BoolUtils.and
FNDA:181812,BoolUtils.and
DA:7,181812
FN:11,BoolUtils.or
FNDA:29042,BoolUtils.or
DA:13,29042
FN:17,BoolUtils.xor
FNDA:0,BoolUtils.xor
DA:19,0
FNF:3
FNH:2
LF:3
LH:2
BRF:0
BRH:0
end_of_record
TN:
SF:src/libraries/FIFOQueue.sol
FN:19,FIFOQueueLib.empty
FNDA:3,FIFOQueueLib.empty
DA:20,3
FN:23,FIFOQueueLib.first
FNDA:28,FIFOQueueLib.first
DA:24,28
BRDA:24,0,0,1
DA:25,1
DA:27,27
FN:30,FIFOQueueLib.at
FNDA:5,FIFOQueueLib.at
DA:31,5
DA:32,5
BRDA:32,1,0,1
DA:33,1
DA:35,4
FN:38,FIFOQueueLib.length
FNDA:7034,FIFOQueueLib.length
DA:39,7034
FN:42,FIFOQueueLib.values
FNDA:122335,FIFOQueueLib.values
DA:43,122335
DA:44,122335
DA:45,122335
DA:46,122335
DA:48,122335
DA:49,42
DA:52,122335
FN:55,FIFOQueueLib.push
FNDA:51,FIFOQueueLib.push
DA:56,51
DA:57,51
DA:58,51
FN:61,FIFOQueueLib.shift
FNDA:26,FIFOQueueLib.shift
DA:62,26
DA:63,26
BRDA:63,2,0,1
DA:64,1
DA:66,25
DA:67,25
FN:70,FIFOQueueLib.shiftN
FNDA:3,FIFOQueueLib.shiftN
DA:71,3
DA:72,3
BRDA:72,3,0,1
DA:73,1
DA:75,2
DA:76,4
DA:78,2
FNF:8
FNH:8
LF:30
LH:30
BRF:4
BRH:4
end_of_record
TN:
SF:src/libraries/FeeMath.sol
FN:19,FeeMath.calculateLinearInterestFromBips
FNDA:83,FeeMath.calculateLinearInterestFromBips
DA:23,83
DA:24,83
DA:26,83
FN:30,FeeMath.calculateBaseInterest
FNDA:139944,FeeMath.calculateBaseInterest
DA:34,139944
FN:40,FeeMath.applyProtocolFee
FNDA:139867,FeeMath.applyProtocolFee
DA:45,139867
DA:46,139867
DA:49,139867
FN:52,FeeMath.updateDelinquency
FNDA:139868,FeeMath.updateDelinquency
DA:60,139868
DA:66,139868
BRDA:66,0,0,78
DA:68,78
FN:88,FeeMath.updateTimeDelinquentAndGetPenaltyTime
FNDA:140876,FeeMath.updateTimeDelinquentAndGetPenaltyTime
DA:94,140876
DA:96,1059
BRDA:96,1,0,1059
DA:99,1059
DA:103,1059
DA:109,1059
DA:114,139817
DA:118,139817
DA:121,139817
FN:140,FeeMath.updateScaleFactorAndFees
FNDA:139944,FeeMath.updateScaleFactorAndFees
DA:150,139944
DA:152,139944
BRDA:152,2,0,139867
DA:153,139867
DA:156,139944
BRDA:156,3,0,139868
DA:157,139868
DA:165,139944
DA:166,139944
DA:168,139944
DA:169,139944
FNF:6
FNH:6
LF:27
LH:27
BRF:4
BRH:4
end_of_record
TN:
SF:src/libraries/FunctionTypeCasts.sol
FN:22,FunctionTypeCasts.asReturnsMarketState
FNDA:231047,FunctionTypeCasts.asReturnsMarketState
DA:26,231047
FN:34,FunctionTypeCasts.asReturnsPointers
FNDA:231047,FunctionTypeCasts.asReturnsPointers
DA:38,231047
FN:46,FunctionTypeCasts.asReturnsMarketParameters
FNDA:21188,FunctionTypeCasts.asReturnsMarketParameters
DA:50,21188
FNF:3
FNH:3
LF:3
LH:3
BRF:0
BRH:0
end_of_record
TN:
SF:src/libraries/LibERC20.sol
FN:51,LibERC20.safeTransferFrom
FNDA:52752,LibERC20.safeTransferFrom
DA:54,52752
DA:55,52752
DA:56,52752
DA:57,52752
DA:58,52752
DA:60,52752
BRDA:60,0,0,2171
DA:67,2171
DA:68,2171
DA:70,50581
DA:71,50581
FN:77,LibERC20.safeTransfer
FNDA:13547,LibERC20.safeTransfer
DA:80,13547
DA:81,13547
DA:82,13547
DA:84,13547
BRDA:84,1,0,-
DA:91,0
DA:92,0
DA:94,13547
FN:100,LibERC20.safeTransferAll
FNDA:1,LibERC20.safeTransferAll
DA:103,1
DA:104,1
DA:106,1
BRDA:106,2,0,-
DA:113,0
DA:114,0
DA:116,1
DA:117,1
DA:118,1
DA:120,1
BRDA:120,3,0,-
DA:127,0
DA:128,0
DA:130,1
FN:136,LibERC20.balanceOf
FNDA:467453,LibERC20.balanceOf
DA:139,467453
DA:140,467453
DA:142,467453
BRDA:142,4,0,-
DA:149,0
DA:150,0
DA:152,467453
FN:158,LibERC20.decimals
FNDA:21191,LibERC20.decimals
DA:162,21191
DA:167,21191
BRDA:167,5,0,-
DA:173,0
DA:174,0
DA:177,21191
FN:184,LibERC20.name
FNDA:21196,LibERC20.name
DA:187,21196
FN:193,LibERC20.symbol
FNDA:21196,LibERC20.symbol
DA:196,21196
FNF:7
FNH:7
LF:42
LH:32
BRF:6
BRH:1
end_of_record
TN:
SF:src/libraries/LibStoredInitCode.sol
FN:8,LibStoredInitCode.deployInitCode
FNDA:8069,LibStoredInitCode.deployInitCode
DA:10,8069
DA:11,8069
DA:32,8069
DA:34,8069
DA:36,8069
BRDA:36,0,0,1
DA:37,1
DA:38,1
DA:41,8068
FN:49,LibStoredInitCode.getCreate2Prefix
FNDA:4033,LibStoredInitCode.getCreate2Prefix
DA:51,4033
FN:55,LibStoredInitCode.calculateCreate2Address
FNDA:43372,LibStoredInitCode.calculateCreate2Address
DA:62,43372
DA:65,43372
DA:68,43372
DA:71,43372
DA:74,43372
DA:77,43372
FN:81,LibStoredInitCode.createWithStoredInitCode
FNDA:1000,LibStoredInitCode.createWithStoredInitCode
DA:82,1000
FN:85,LibStoredInitCode.createWithStoredInitCode
FNDA:1002,LibStoredInitCode.createWithStoredInitCode
DA:90,1002
DA:91,1002
DA:92,1002
DA:93,1002
DA:94,1002
BRDA:94,1,0,1000
DA:95,1000
DA:96,1000
FN:101,LibStoredInitCode.create2WithStoredInitCode
FNDA:24188,LibStoredInitCode.create2WithStoredInitCode
DA:105,24188
FN:108,LibStoredInitCode.create2WithStoredInitCode
FNDA:25188,LibStoredInitCode.create2WithStoredInitCode
DA:114,25188
DA:115,25188
DA:116,25188
DA:117,25188
DA:118,25188
BRDA:118,2,0,1000
DA:119,1000
DA:120,1000
FN:125,LibStoredInitCode.create2WithStoredInitCode
FNDA:0,LibStoredInitCode.create2WithStoredInitCode
DA:132,0
DA:133,0
DA:135,0
DA:137,0
DA:138,0
DA:139,0
DA:140,0
DA:141,0
BRDA:141,3,0,-
DA:142,0
DA:143,0
FN:148,LibStoredInitCode.create2WithStoredInitCode
FNDA:0,LibStoredInitCode.create2WithStoredInitCode
DA:153,0
FN:156,LibStoredInitCode.create2WithStoredInitCodeCD
FNDA:0,LibStoredInitCode.create2WithStoredInitCodeCD
DA:163,0
DA:164,0
DA:166,0
DA:168,0
DA:169,0
DA:170,0
DA:171,0
DA:172,0
BRDA:172,4,0,-
DA:173,0
DA:174,0
FN:179,LibStoredInitCode.create2WithStoredInitCodeCD
FNDA:0,LibStoredInitCode.create2WithStoredInitCodeCD
DA:184,0
FNF:11
FNH:7
LF:53
LH:31
BRF:5
BRH:3
end_of_record
TN:
SF:src/libraries/MarketState.sol
FN:51,MarketStateLib.totalSupply
FNDA:91241,MarketStateLib.totalSupply
DA:52,91241
FN:59,MarketStateLib.maximumDeposit
FNDA:86236,MarketStateLib.maximumDeposit
DA:60,86236
FN:66,MarketStateLib.normalizeAmount
FNDA:963969,MarketStateLib.normalizeAmount
DA:70,963969
FN:76,MarketStateLib.scaleAmount
FNDA:412058,MarketStateLib.scaleAmount
DA:77,412058
FN:87,MarketStateLib.liquidityRequired
FNDA:425158,MarketStateLib.liquidityRequired
DA:90,425158
DA:91,425158
DA:94,425158
DA:95,425158
FN:105,MarketStateLib.withdrawableProtocolFees
FNDA:1008,MarketStateLib.withdrawableProtocolFees
DA:109,1008
DA:110,1008
FN:123,MarketStateLib.borrowableAssets
FNDA:9034,MarketStateLib.borrowableAssets
DA:127,9034
FN:130,MarketStateLib.hasPendingExpiredBatch
FNDA:485871,MarketStateLib.hasPendingExpiredBatch
DA:131,485871
DA:134,485871
FN:138,MarketStateLib.totalDebts
FNDA:9597,MarketStateLib.totalDebts
DA:139,9597
DA:140,9597
FNF:9
FNH:9
LF:15
LH:15
BRF:0
BRH:0
end_of_record
TN:
SF:src/libraries/MathUtils.sol
FN:30,MathUtils.calculateLinearInterestFromBips
FNDA:140945,MathUtils.calculateLinearInterestFromBips
DA:34,140945
DA:35,140945
DA:37,140945
FN:44,MathUtils.min
FNDA:612232,MathUtils.min
DA:45,612232
FN:51,MathUtils.max
FNDA:1717,MathUtils.max
DA:52,1717
FN:59,MathUtils.satSub
FNDA:582364,MathUtils.satSub
DA:63,582364
FN:71,MathUtils.satAdd
FNDA:114809,MathUtils.satAdd
DA:73,114809
DA:74,114809
FN:82,MathUtils.ternary
FNDA:863104,MathUtils.ternary
DA:88,863104
FN:96,MathUtils.bipMul
FNDA:568027,MathUtils.bipMul
DA:99,568027
BRDA:99,0,0,298
DA:101,298
DA:103,298
DA:105,298
DA:108,567729
FN:116,MathUtils.bipDiv
FNDA:1000,MathUtils.bipDiv
DA:119,1000
BRDA:119,1,0,69
DA:120,69
DA:121,69
DA:122,69
DA:125,931
FN:132,MathUtils.bipToRay
FNDA:143013,MathUtils.bipToRay
DA:135,143013
DA:137,143013
BRDA:137,2,0,200
DA:138,200
DA:139,200
DA:140,200
FN:149,MathUtils.rayMul
FNDA:1431102,MathUtils.rayMul
DA:152,1431102
BRDA:152,3,0,298
DA:153,298
DA:154,298
DA:155,298
DA:158,1430804
FN:166,MathUtils.rayDiv
FNDA:412062,MathUtils.rayDiv
DA:169,412062
BRDA:169,4,0,1495
DA:170,1495
DA:171,1495
DA:172,1495
DA:175,410567
FN:184,MathUtils.mulDiv
FNDA:173788,MathUtils.mulDiv
DA:187,173788
BRDA:187,5,0,855
DA:189,855
DA:191,855
DA:193,172933
FN:202,MathUtils.mulDivUp
FNDA:1000,MathUtils.mulDivUp
DA:205,1000
BRDA:205,6,0,318
DA:207,318
DA:209,318
DA:211,682
FNF:13
FNH:13
LF:42
LH:42
BRF:7
BRH:7
end_of_record
TN:
SF:src/libraries/SafeCastLib.sol
FN:7,SafeCastLib._assertNonOverflow
FNDA:1059394,SafeCastLib._assertNonOverflow
DA:9,1059394
BRDA:9,0,0,31495
DA:10,31495
DA:11,31495
DA:12,31495
FN:17,SafeCastLib.toUint8
FNDA:2000,SafeCastLib.toUint8
DA:18,2000
FN:21,SafeCastLib.toUint16
FNDA:2000,SafeCastLib.toUint16
DA:22,2000
FN:25,SafeCastLib.toUint24
FNDA:2000,SafeCastLib.toUint24
DA:26,2000
FN:29,SafeCastLib.toUint32
FNDA:142876,SafeCastLib.toUint32
DA:30,142876
FN:33,SafeCastLib.toUint40
FNDA:2000,SafeCastLib.toUint40
DA:34,2000
FN:37,SafeCastLib.toUint48
FNDA:2000,SafeCastLib.toUint48
DA:38,2000
FN:41,SafeCastLib.toUint56
FNDA:2000,SafeCastLib.toUint56
DA:42,2000
FN:45,SafeCastLib.toUint64
FNDA:2000,SafeCastLib.toUint64
DA:46,2000
FN:49,SafeCastLib.toUint72
FNDA:2000,SafeCastLib.toUint72
DA:50,2000
FN:53,SafeCastLib.toUint80
FNDA:2000,SafeCastLib.toUint80
DA:54,2000
FN:57,SafeCastLib.toUint88
FNDA:2000,SafeCastLib.toUint88
DA:58,2000
FN:61,SafeCastLib.toUint96
FNDA:2000,SafeCastLib.toUint96
DA:62,2000
FN:65,SafeCastLib.toUint104
FNDA:410562,SafeCastLib.toUint104
DA:66,410562
FN:69,SafeCastLib.toUint112
FNDA:141944,SafeCastLib.toUint112
DA:70,141944
FN:73,SafeCastLib.toUint120
FNDA:2000,SafeCastLib.toUint120
DA:74,2000
FN:77,SafeCastLib.toUint128
FNDA:310012,SafeCastLib.toUint128
DA:78,310012
FN:81,SafeCastLib.toUint136
FNDA:2000,SafeCastLib.toUint136
DA:82,2000
FN:85,SafeCastLib.toUint144
FNDA:2000,SafeCastLib.toUint144
DA:86,2000
FN:89,SafeCastLib.toUint152
FNDA:2000,SafeCastLib.toUint152
DA:90,2000
FN:93,SafeCastLib.toUint160
FNDA:2000,SafeCastLib.toUint160
DA:94,2000
FN:97,SafeCastLib.toUint168
FNDA:2000,SafeCastLib.toUint168
DA:98,2000
FN:101,SafeCastLib.toUint176
FNDA:2000,SafeCastLib.toUint176
DA:102,2000
FN:105,SafeCastLib.toUint184
FNDA:2000,SafeCastLib.toUint184
DA:106,2000
FN:109,SafeCastLib.toUint192
FNDA:2000,SafeCastLib.toUint192
DA:110,2000
FN:113,SafeCastLib.toUint200
FNDA:2000,SafeCastLib.toUint200
DA:114,2000
FN:117,SafeCastLib.toUint208
FNDA:2000,SafeCastLib.toUint208
DA:118,2000
FN:121,SafeCastLib.toUint216
FNDA:2000,SafeCastLib.toUint216
DA:122,2000
FN:125,SafeCastLib.toUint224
FNDA:2000,SafeCastLib.toUint224
DA:126,2000
FN:129,SafeCastLib.toUint232
FNDA:2000,SafeCastLib.toUint232
DA:130,2000
FN:133,SafeCastLib.toUint240
FNDA:2000,SafeCastLib.toUint240
DA:134,2000
FN:137,SafeCastLib.toUint248
FNDA:2000,SafeCastLib.toUint248
DA:138,2000
FNF:32
FNH:32
LF:35
LH:35
BRF:1
BRH:1
end_of_record
TN:
SF:src/libraries/Withdrawal.sol
FN:36,WithdrawalLib.scaledOwedAmount
FNDA:167994,WithdrawalLib.scaledOwedAmount
DA:37,167994
FN:45,WithdrawalLib.availableLiquidityForPendingBatch
FNDA:167994,WithdrawalLib.availableLiquidityForPendingBatch
DA:52,167994
DA:53,167994
DA:54,167994
DA:56,167994
FNF:2
FNH:2
LF:5
LH:5
BRF:0
BRH:0
end_of_record
TN:
SF:src/market/WildcatMarket.sol
FN:27,WildcatMarket.updateState
FNDA:554,WildcatMarket.updateState
DA:28,554
DA:29,554
FN:37,WildcatMarket.rescueTokens
FNDA:543,WildcatMarket.rescueTokens
DA:38,3
BRDA:38,0,0,2
DA:39,2
DA:41,1
FN:55,WildcatMarket._depositUpTo
FNDA:48392,WildcatMarket._depositUpTo
DA:59,48392
DA:61,0
BRDA:61,1,0,-
DA:64,48392
DA:67,48392
DA:68,48392
BRDA:68,2,0,13
DA:71,48379
DA:73,48377
DA:76,47765
DA:78,46671
DA:79,46671
DA:81,46671
DA:82,46671
DA:85,46671
DA:88,46671
DA:90,46671
FN:104,WildcatMarket.depositUpTo
FNDA:45832,WildcatMarket.depositUpTo
DA:107,45832
FN:117,WildcatMarket.deposit
FNDA:2560,WildcatMarket.deposit
DA:118,2560
DA:119,2002
BRDA:119,3,0,1
FN:125,WildcatMarket.collectFees
FNDA:555,WildcatMarket.collectFees
DA:126,555
DA:127,555
BRDA:127,4,0,553
DA:129,2
DA:130,2
BRDA:130,5,0,1
DA:132,1
DA:133,1
DA:134,1
DA:135,1
FN:146,WildcatMarket.borrow
FNDA:6569,WildcatMarket.borrow
DA:150,6032
BRDA:150,6,0,-
DA:151,0
DA:154,6032
DA:155,0
BRDA:155,7,0,-
DA:157,6032
DA:158,6032
BRDA:158,8,0,1
DA:161,6031
DA:163,6031
DA:164,6031
DA:165,6031
FN:168,WildcatMarket._repay
FNDA:2089,WildcatMarket._repay
DA:169,2089
BRDA:169,9,0,1135
DA:170,0
BRDA:170,10,0,-
DA:172,954
DA:173,952
DA:176,952
FN:179,WildcatMarket.repayOutstandingDebt
FNDA:579,WildcatMarket.repayOutstandingDebt
DA:180,579
DA:181,579
DA:182,579
DA:183,1
FN:186,WildcatMarket.repayDelinquentDebt
FNDA:559,WildcatMarket.repayDelinquentDebt
DA:187,559
DA:188,559
DA:189,559
DA:190,2
FN:202,WildcatMarket.repay
FNDA:1528,WildcatMarket.repay
DA:203,1528
BRDA:203,11,0,8
DA:205,1520
DA:206,1002
DA:208,1002
DA:209,1
BRDA:209,12,0,1
DA:212,1001
DA:214,1001
FN:226,WildcatMarket.closeMarket
FNDA:4551,WildcatMarket.closeMarket
DA:227,4012
DA:229,0
BRDA:229,13,0,-
DA:231,4012
DA:232,4012
DA:233,4012
BRDA:233,14,0,951
BRDA:233,14,1,3061
DA:235,951
DA:236,951
DA:237,949
DA:238,3061
BRDA:238,15,0,1
DA:239,1
DA:241,1
DA:242,1
DA:244,4010
DA:245,4010
DA:246,4010
DA:247,4010
DA:250,4010
DA:253,4010
DA:258,4010
BRDA:258,16,0,5
DA:259,5
DA:260,5
DA:261,5
BRDA:261,17,0,2
DA:262,2
DA:268,2
DA:269,2
DA:273,4010
DA:274,4010
DA:276,4
DA:278,4
DA:281,4010
BRDA:281,18,0,-
DA:282,0
DA:285,4010
DA:286,4010
FN:292,WildcatMarket._blockAccount
FNDA:6001,WildcatMarket._blockAccount
DA:293,6001
DA:294,6001
BRDA:294,19,0,3001
DA:295,3001
DA:297,3001
DA:299,3001
DA:308,3001
FNF:13
FNH:13
LF:100
LH:94
BRF:21
BRH:15
end_of_record
TN:
SF:src/market/WildcatMarketBase.sol
FN:34,WildcatMarketBase.version
FNDA:0,WildcatMarketBase.version
DA:36,0
DA:37,0
DA:38,0
DA:39,0
FN:77,WildcatMarketBase.symbol
FNDA:21181,WildcatMarketBase.symbol
DA:78,21181
DA:79,21181
DA:89,21181
DA:90,21181
DA:91,21181
DA:92,21181
DA:93,21181
FN:97,WildcatMarketBase.name
FNDA:21181,WildcatMarketBase.name
DA:98,21181
DA:99,21181
DA:109,21181
DA:110,21181
DA:111,21181
DA:112,21181
DA:113,21181
FN:118,WildcatMarketBase.archController
FNDA:19180,WildcatMarketBase.archController
DA:119,19180
FN:136,WildcatMarketBase._getMarketParameters
FNDA:21188,WildcatMarketBase._getMarketParameters
DA:138,21188
DA:139,21188
DA:141,21188
DA:146,21188
BRDA:146,0,0,-
DA:152,0
FN:157,WildcatMarketBase.
FNDA:21188,WildcatMarketBase.
DA:158,21188
DA:162,21188
DA:165,21188
DA:166,21188
DA:168,21188
DA:169,21188
DA:170,21188
DA:171,21188
DA:177,21188
DA:178,21188
DA:179,21188
DA:180,21188
DA:187,21188
DA:188,21188
DA:198,21188
DA:203,21188
DA:207,21188
DA:208,21188
DA:209,21188
DA:210,21188
DA:211,21188
DA:212,21188
DA:213,21188
DA:214,21188
DA:215,21188
FN:222,WildcatMarketBase.onlyBorrower
FNDA:543,WildcatMarketBase.onlyBorrower
DA:223,543
DA:227,543
BRDA:227,1,0,586
DA:228,540
DA:229,540
FN:244,WildcatMarketBase._getAccount
FNDA:207146,WildcatMarketBase._getAccount
DA:245,207146
DA:246,207146
BRDA:246,2,0,3
FN:254,WildcatMarketBase._isSanctioned
FNDA:221735,WildcatMarketBase._isSanctioned
DA:255,221735
DA:256,221735
DA:258,221735
DA:259,221735
DA:260,221735
DA:261,221735
DA:264,221735
BRDA:264,3,0,-
DA:267,0
DA:268,0
DA:270,221735
DA:271,221735
FN:283,WildcatMarketBase.coverageLiquidity
FNDA:1,WildcatMarketBase.coverageLiquidity
DA:284,1
FN:291,WildcatMarketBase.scaleFactor
FNDA:11004,WildcatMarketBase.scaleFactor
DA:292,11004
FN:298,WildcatMarketBase.totalAssets
FNDA:64167,WildcatMarketBase.totalAssets
DA:299,467453
FN:312,WildcatMarketBase.borrowableAssets
FNDA:2002,WildcatMarketBase.borrowableAssets
DA:313,2002
FN:320,WildcatMarketBase.accruedProtocolFees
FNDA:1,WildcatMarketBase.accruedProtocolFees
DA:321,1
FN:324,WildcatMarketBase.totalDebts
FNDA:3004,WildcatMarketBase.totalDebts
DA:325,3004
FN:331,WildcatMarketBase.previousState
FNDA:83352,WildcatMarketBase.previousState
DA:332,83352
DA:335,83352
FN:344,WildcatMarketBase.currentState
FNDA:63168,WildcatMarketBase.currentState
DA:345,63168
DA:347,63168
FN:358,WildcatMarketBase._calculateCurrentStatePointers
FNDA:231047,WildcatMarketBase._calculateCurrentStatePointers
DA:359,231047
FN:367,WildcatMarketBase.scaledTotalSupply
FNDA:1,WildcatMarketBase.scaledTotalSupply
DA:368,1
FN:374,WildcatMarketBase.scaledBalanceOf
FNDA:126667,WildcatMarketBase.scaledBalanceOf
DA:375,126667
FN:382,WildcatMarketBase.withdrawableProtocolFees
FNDA:1,WildcatMarketBase.withdrawableProtocolFees
DA:383,1
DA:384,1
FN:393,WildcatMarketBase._blockAccount
FNDA:0,WildcatMarketBase._blockAccount
FN:406,WildcatMarketBase._getUpdatedState
FNDA:233596,WildcatMarketBase._getUpdatedState
DA:407,233596
DA:409,233596
BRDA:409,4,0,114086
DA:410,114086
DA:413,114086
DA:414,114086
BRDA:414,5,0,10887
DA:415,10887
DA:421,10887
DA:430,114086
DA:432,233596
DA:434,233596
BRDA:434,6,0,114096
DA:435,114096
DA:441,114096
DA:453,233596
BRDA:453,7,0,6020
DA:454,6020
DA:455,6020
DA:456,6020
BRDA:456,8,0,2011
DA:458,2011
DA:459,2011
BRDA:459,9,0,2003
DA:460,2003
DA:461,2003
FN:476,WildcatMarketBase._calculateCurrentState
FNDA:251275,WildcatMarketBase._calculateCurrentState
DA:485,251275
DA:487,251275
BRDA:487,10,0,2897
DA:488,2897
DA:491,2897
BRDA:491,11,0,1008
DA:492,1008
DA:499,2897
DA:500,2897
DA:504,2897
BRDA:504,12,0,2833
DA:505,2833
DA:507,2897
DA:510,251275
BRDA:510,13,0,2904
DA:511,2904
DA:520,251275
BRDA:520,14,0,100962
DA:521,100962
DA:522,100962
DA:523,100962
BRDA:523,15,0,19185
DA:525,19185
DA:529,19185
BRDA:529,16,0,15
DA:530,15
FN:540,WildcatMarketBase._writeState
FNDA:226651,WildcatMarketBase._writeState
DA:541,226651
DA:542,226651
DA:545,226651
DA:546,226651
DA:551,226651
DA:552,226651
DA:556,226651
DA:557,226651
DA:562,226651
DA:563,226651
DA:567,226651
DA:568,226651
DA:569,226651
DA:576,226651
DA:583,226651
DA:587,226651
DA:588,226651
DA:589,226651
DA:590,226651
DA:591,226651
DA:592,226651
DA:601,226651
DA:614,226651
DA:617,226651
FN:631,WildcatMarketBase._processExpiredWithdrawalBatch
FNDA:114086,WildcatMarketBase._processExpiredWithdrawalBatch
DA:632,114086
DA:633,114086
DA:635,114086
BRDA:635,17,0,19
DA:637,19
DA:638,19
BRDA:638,18,0,1
DA:639,1
DA:643,114086
DA:650,114086
BRDA:650,19,0,19
BRDA:650,19,1,114067
DA:651,19
DA:653,114067
DA:656,114086
DA:658,114086
FN:665,WildcatMarketBase._applyWithdrawalBatchPayment
FNDA:138802,WildcatMarketBase._applyWithdrawalBatchPayment
DA:671,138802
DA:674,138802
DA:676,138802
DA:677,138802
DA:680,138802
DA:682,138802
DA:683,138802
DA:684,138802
DA:687,138802
DA:690,138802
DA:693,138802
DA:694,138802
FN:697,WildcatMarketBase._applyWithdrawalBatchPaymentView
FNDA:2848,WildcatMarketBase._applyWithdrawalBatchPaymentView
DA:702,2848
DA:704,2848
DA:706,15
DA:707,15
DA:712,15
DA:716,15
DA:717,15
DA:718,15
DA:721,15
DA:724,15
FN:736,WildcatMarketBase._runtimeConstant
FNDA:143922,WildcatMarketBase._runtimeConstant
DA:740,143922
DA:741,143922
FN:745,WildcatMarketBase._runtimeConstant
FNDA:185473,WildcatMarketBase._runtimeConstant
DA:749,185473
DA:750,185473
FN:754,WildcatMarketBase._isFlaggedByChainalysis
FNDA:6032,WildcatMarketBase._isFlaggedByChainalysis
DA:755,6032
DA:757,6032
DA:758,6032
DA:759,6032
BRDA:759,22,0,-
DA:762,0
DA:763,0
DA:765,6032
FN:769,WildcatMarketBase._createEscrowForUnderlyingAsset
FNDA:1003,WildcatMarketBase._createEscrowForUnderlyingAsset
DA:772,1003
DA:773,1003
DA:774,1003
DA:777,1003
DA:778,1003
DA:779,1003
DA:780,1003
DA:781,1003
DA:782,1003
BRDA:782,23,0,-
DA:785,0
DA:786,0
DA:788,1003
DA:789,1003
DA:790,1003
FNF:32
FNH:30
LF:203
LH:192
BRF:23
BRH:19
end_of_record
TN:
SF:src/market/WildcatMarketConfig.sol
FN:19,WildcatMarketConfig.isClosed
FNDA:1000,WildcatMarketConfig.isClosed
DA:22,1000
FN:29,WildcatMarketConfig.maximumDeposit
FNDA:2001,WildcatMarketConfig.maximumDeposit
DA:30,2001
DA:31,2001
FN:38,WildcatMarketConfig.maxTotalSupply
FNDA:21182,WildcatMarketConfig.maxTotalSupply
DA:39,21182
FN:46,WildcatMarketConfig.annualInterestBips
FNDA:20692,WildcatMarketConfig.annualInterestBips
DA:47,20692
FN:50,WildcatMarketConfig.reserveRatioBips
FNDA:20691,WildcatMarketConfig.reserveRatioBips
DA:51,20691
FN:82,WildcatMarketConfig.nukeFromOrbit
FNDA:7576,WildcatMarketConfig.nukeFromOrbit
DA:83,7576
BRDA:83,0,0,1575
DA:84,6001
DA:85,6001
DA:86,6001
DA:87,6001
FN:101,WildcatMarketConfig.setMaxTotalSupply
FNDA:4552,WildcatMarketConfig.setMaxTotalSupply
DA:104,3001
DA:105,0
BRDA:105,1,0,-
DA:107,3001
DA:108,3001
DA:109,3001
DA:110,3001
FN:123,WildcatMarketConfig.setAnnualInterestAndReserveRatioBips
FNDA:2607,WildcatMarketConfig.setAnnualInterestAndReserveRatioBips
DA:127,2021
DA:128,1
BRDA:128,2,0,1
DA:130,2020
DA:132,2020
DA:138,2019
BRDA:138,3,0,1
DA:139,1
DA:142,2018
BRDA:142,4,0,1
DA:143,1
DA:146,2017
BRDA:146,5,0,564
DA:147,564
BRDA:147,6,0,1
DA:148,1
DA:151,2016
DA:152,2016
DA:153,2016
BRDA:153,7,0,909
DA:154,909
BRDA:154,8,0,2
DA:155,2
DA:159,2014
DA:160,2014
DA:161,2014
FN:164,WildcatMarketConfig.setProtocolFeeBips
FNDA:2589,WildcatMarketConfig.setProtocolFeeBips
DA:167,2589
BRDA:167,9,0,581
DA:168,2008
BRDA:168,10,0,1
DA:169,2007
DA:170,1
BRDA:170,11,0,1
DA:171,2006
BRDA:171,12,0,2
DA:172,2004
DA:173,2004
DA:174,2004
DA:175,2004
FNF:9
FNH:9
LF:45
LH:44
BRF:13
BRH:12
end_of_record
TN:
SF:src/market/WildcatMarketToken.sol
FN:17,WildcatMarketToken.balanceOf
FNDA:145859,WildcatMarketToken.balanceOf
DA:18,145859
DA:19,145859
FN:25,WildcatMarketToken.totalSupply
FNDA:4005,WildcatMarketToken.totalSupply
DA:26,4005
FN:33,WildcatMarketToken.approve
FNDA:5016,WildcatMarketToken.approve
DA:37,5016
DA:38,5016
FN:41,WildcatMarketToken.transfer
FNDA:11071,WildcatMarketToken.transfer
DA:45,11071
DA:46,9489
FN:49,WildcatMarketToken.transferFrom
FNDA:3972,WildcatMarketToken.transferFrom
DA:54,3972
DA:57,3972
BRDA:57,0,0,3958
DA:58,3958
DA:59,2995
DA:62,3009
DA:64,2002
FN:67,WildcatMarketToken._approve
FNDA:8011,WildcatMarketToken._approve
DA:68,8011
DA:69,8011
FN:72,WildcatMarketToken._transfer
FNDA:14080,WildcatMarketToken._transfer
DA:73,14080
DA:74,14080
DA:76,12340
BRDA:76,1,0,16
DA:78,12324
DA:80,12323
DA:81,12323
DA:82,11491
DA:84,11491
DA:85,11491
DA:86,11491
DA:88,11491
DA:89,11491
FNF:7
FNH:7
LF:27
LH:27
BRF:2
BRH:2
end_of_record
TN:
SF:src/market/WildcatMarketWithdrawals.sol
FN:22,WildcatMarketWithdrawals.getUnpaidBatchExpiries
FNDA:61174,WildcatMarketWithdrawals.getUnpaidBatchExpiries
DA:23,61174
FN:26,WildcatMarketWithdrawals.getWithdrawalBatch
FNDA:20225,WildcatMarketWithdrawals.getWithdrawalBatch
DA:29,20225
DA:30,20225
BRDA:30,0,0,20195
DA:31,20195
DA:34,30
DA:35,30
DA:36,30
DA:37,30
FN:40,WildcatMarketWithdrawals.getAccountWithdrawalStatus
FNDA:23225,WildcatMarketWithdrawals.getAccountWithdrawalStatus
DA:44,23225
DA:47,23225
DA:48,23225
FN:51,WildcatMarketWithdrawals.getAvailableWithdrawalAmount
FNDA:4,WildcatMarketWithdrawals.getAvailableWithdrawalAmount
DA:55,4
BRDA:55,1,0,1
DA:56,1
DA:58,3
DA:59,3
DA:60,3
BRDA:60,2,0,2
BRDA:60,2,1,1
DA:61,2
DA:63,1
DA:65,3
DA:68,3
DA:69,3
DA:73,3
FN:80,WildcatMarketWithdrawals._queueWithdrawal
FNDA:137352,WildcatMarketWithdrawals._queueWithdrawal
DA:90,137352
DA:93,137352
BRDA:93,3,0,134346
DA:95,134346
DA:96,134346
DA:97,134346
DA:98,134346
DA:102,137352
DA:105,137135
DA:106,136845
DA:108,136845
DA:110,136845
DA:113,136845
DA:114,136845
DA:115,136845
DA:117,136845
DA:120,136845
DA:121,136845
BRDA:121,4,0,136783
DA:122,136783
DA:126,136845
DA:129,136845
FN:135,WildcatMarketWithdrawals.queueWithdrawal
FNDA:127604,WildcatMarketWithdrawals.queueWithdrawal
DA:138,127604
DA:140,127604
DA:141,127356
BRDA:141,5,0,8
DA:144,127348
DA:146,127348
DA:147,127348
FN:153,WildcatMarketWithdrawals.queueFullWithdrawal
FNDA:7605,WildcatMarketWithdrawals.queueFullWithdrawal
DA:159,7605
DA:162,7605
DA:164,7604
DA:165,7604
BRDA:165,6,0,601
DA:167,7003
DA:169,7003
DA:170,7003
FN:194,WildcatMarketWithdrawals.executeWithdrawal
FNDA:7569,WildcatMarketWithdrawals.executeWithdrawal
DA:198,7569
DA:201,7569
DA:208,5004
DA:209,5004
FN:212,WildcatMarketWithdrawals.executeWithdrawals
FNDA:1551,WildcatMarketWithdrawals.executeWithdrawals
DA:216,1551
BRDA:216,7,0,547
DA:218,1004
DA:220,1004
DA:222,1004
DA:224,2011
DA:227,1002
DA:228,1002
FN:231,WildcatMarketWithdrawals._executeWithdrawal
FNDA:9580,WildcatMarketWithdrawals._executeWithdrawal
DA:237,9580
DA:239,9580
BRDA:239,8,0,1029
DA:240,1029
DA:243,8551
DA:247,8551
DA:251,8014
DA:253,8014
BRDA:253,9,0,1001
DA:255,7013
DA:257,7013
DA:258,7013
DA:260,7013
BRDA:260,10,0,1003
BRDA:260,10,1,6010
DA:264,1003
DA:265,1003
DA:268,1003
DA:275,6010
DA:278,7013
DA:280,7013
FN:283,WildcatMarketWithdrawals.repayAndProcessUnpaidWithdrawalBatches
FNDA:1576,WildcatMarketWithdrawals.repayAndProcessUnpaidWithdrawalBatches
DA:289,1576
BRDA:289,11,0,1559
DA:290,1559
DA:291,1002
DA:294,1019
DA:295,1
BRDA:295,12,0,1
DA:299,1018
BRDA:299,13,0,1001
DA:302,1018
DA:306,1018
DA:308,1018
DA:310,1027
DA:312,9
DA:314,9
DA:316,1018
FN:319,WildcatMarketWithdrawals._processUnpaidWithdrawalBatch
FNDA:13,WildcatMarketWithdrawals._processUnpaidWithdrawalBatch
DA:324,13
DA:327,13
DA:330,13
DA:338,13
DA:341,13
BRDA:341,14,0,11
DA:342,11
DA:343,11
FNF:12
FNH:12
LF:103
LH:103
BRF:17
BRH:17
end_of_record
TN:
SF:src/spherex/SphereXConfig.sol
FN:27,SphereXConfig.
FNDA:82,SphereXConfig.
DA:28,82
DA:29,82
DA:31,82
DA:32,82
DA:34,82
DA:35,82
FN:58,SphereXConfig.onlySphereXAdmin
FNDA:2609,SphereXConfig.onlySphereXAdmin
DA:59,2609
BRDA:59,0,0,1608
DA:60,1608
FN:65,SphereXConfig.spherexOnlyOperator
FNDA:1534,SphereXConfig.spherexOnlyOperator
DA:66,1534
BRDA:66,1,0,528
DA:67,528
FN:72,SphereXConfig.spherexOnlyOperatorOrAdmin
FNDA:3582,SphereXConfig.spherexOnlyOperatorOrAdmin
DA:73,3582
BRDA:73,2,0,1577
DA:74,1577
FN:87,SphereXConfig.pendingSphereXAdmin
FNDA:3002,SphereXConfig.pendingSphereXAdmin
DA:88,6540
FN:92,SphereXConfig.sphereXAdmin
FNDA:3002,SphereXConfig.sphereXAdmin
DA:93,17685
FN:97,SphereXConfig.sphereXOperator
FNDA:3004,SphereXConfig.sphereXOperator
DA:98,8120
FN:102,SphereXConfig.sphereXEngine
FNDA:3033,SphereXConfig.sphereXEngine
DA:103,26322
FN:114,SphereXConfig.transferSphereXAdminRole
FNDA:4497,SphereXConfig.transferSphereXAdminRole
DA:115,3000
DA:116,3000
FN:120,SphereXConfig.acceptSphereXAdminRole
FNDA:3538,SphereXConfig.acceptSphereXAdminRole
DA:121,3538
BRDA:121,3,0,2538
DA:122,2538
DA:124,1000
DA:125,1000
DA:126,1000
DA:127,1000
FN:131,SphereXConfig.changeSphereXOperator
FNDA:2609,SphereXConfig.changeSphereXOperator
DA:132,1001
DA:133,1001
DA:134,1001
FN:143,SphereXConfig.changeSphereXEngine
FNDA:1534,SphereXConfig.changeSphereXEngine
DA:144,1006
DA:145,1006
DA:146,1005
FN:153,SphereXConfig._setSphereXEngine
FNDA:1088,SphereXConfig._setSphereXEngine
DA:155,1088
DA:156,15
DA:157,1
BRDA:157,4,0,1
DA:158,1
DA:160,1087
FN:167,SphereXConfig._addAllowedSenderOnChain
FNDA:23284,SphereXConfig._addAllowedSenderOnChain
DA:168,23284
DA:169,23284
BRDA:169,5,0,20180
DA:170,20180
DA:171,20180
FN:180,SphereXConfig._setAddress
FNDA:7252,SphereXConfig._setAddress
DA:182,7252
FN:187,SphereXConfig._getAddress
FNDA:60674,SphereXConfig._getAddress
DA:189,60674
FNF:16
FNH:16
LF:41
LH:41
BRF:6
BRH:6
end_of_record
TN:
SF:src/spherex/SphereXProtectedRegisteredBase.sol
FN:46,SphereXProtectedRegisteredBase.__SphereXProtectedRegisteredBase_init
FNDA:21219,SphereXProtectedRegisteredBase.__SphereXProtectedRegisteredBase_init
DA:47,21219
DA:48,21219
DA:49,21219
FN:65,SphereXProtectedRegisteredBase.spherexOnlyOperator
FNDA:1163,SphereXProtectedRegisteredBase.spherexOnlyOperator
DA:66,1163
BRDA:66,0,0,1159
DA:67,1159
FN:72,SphereXProtectedRegisteredBase.returnsIfNotActivatedPre
FNDA:243362,SphereXProtectedRegisteredBase.returnsIfNotActivatedPre
DA:73,243362
DA:74,243362
BRDA:74,1,0,243362
DA:75,243362
FN:81,SphereXProtectedRegisteredBase.returnsIfNotActivatedPost
FNDA:228665,SphereXProtectedRegisteredBase.returnsIfNotActivatedPost
DA:82,228665
BRDA:82,2,0,228665
DA:83,228665
FN:94,SphereXProtectedRegisteredBase.sphereXOperator
FNDA:19180,SphereXProtectedRegisteredBase.sphereXOperator
DA:95,19180
FN:99,SphereXProtectedRegisteredBase.sphereXEngine
FNDA:19180,SphereXProtectedRegisteredBase.sphereXEngine
DA:100,283730
FN:113,SphereXProtectedRegisteredBase.changeSphereXEngine
FNDA:1163,SphereXProtectedRegisteredBase.changeSphereXEngine
DA:114,4
DA:115,4
DA:116,4
FN:134,SphereXProtectedRegisteredBase._sphereXValidateExternalPre
FNDA:243362,SphereXProtectedRegisteredBase._sphereXValidateExternalPre
DA:135,243362
FN:151,SphereXProtectedRegisteredBase._getStorageSlotsAndPreparePostCalldata
FNDA:243362,SphereXProtectedRegisteredBase._getStorageSlotsAndPreparePostCalldata
DA:156,243357
DA:161,243357
DA:164,243357
DA:165,243357
DA:166,243357
DA:167,243357
DA:168,243357
DA:169,243357
DA:170,243357
DA:172,243357
BRDA:172,3,0,-
DA:175,0
DA:176,0
DA:178,243357
DA:200,243357
DA:204,243357
DA:208,243357
DA:209,243357
DA:215,243357
DA:218,243357
DA:221,243357
DA:224,243357
DA:227,243357
DA:230,243357
DA:232,243357
FN:239,SphereXProtectedRegisteredBase._sphereXValidateExternalPost
FNDA:228665,SphereXProtectedRegisteredBase._sphereXValidateExternalPost
DA:240,228665
FN:243,SphereXProtectedRegisteredBase._callSphereXValidatePost
FNDA:228665,SphereXProtectedRegisteredBase._callSphereXValidatePost
DA:246,228661
DA:247,228661
DA:248,228661
DA:250,228661
DA:251,228661
DA:252,228661
DA:254,228661
DA:256,228661
DA:257,228661
DA:258,228661
DA:260,228661
DA:261,228661
DA:262,228661
DA:263,228661
DA:264,228661
DA:265,228661
DA:266,228661
BRDA:266,4,0,-
DA:267,0
DA:268,0
DA:270,228661
FN:275,SphereXProtectedRegisteredBase._getSelector
FNDA:243362,SphereXProtectedRegisteredBase._getSelector
DA:277,243362
FN:282,SphereXProtectedRegisteredBase.sphereXGuardExternal
FNDA:5016,SphereXProtectedRegisteredBase.sphereXGuardExternal
DA:283,5016
DA:285,5016
FN:293,SphereXProtectedRegisteredBase._setAddress
FNDA:21223,SphereXProtectedRegisteredBase._setAddress
DA:295,21223
FN:300,SphereXProtectedRegisteredBase._getAddress
FNDA:283734,SphereXProtectedRegisteredBase._getAddress
DA:302,283734
FN:313,SphereXProtectedRegisteredBase._readStorageTo
FNDA:472018,SphereXProtectedRegisteredBase._readStorageTo
DA:315,472018
DA:316,472018
DA:317,472018
DA:318,472018
DA:319,472018
DA:320,472018
DA:323,3776144
DA:325,3304126
DA:326,3304126
DA:327,3304126
DA:328,3304126
FN:337,SphereXProtectedRegisteredBase._castFunctionToPointerInput
FNDA:228665,SphereXProtectedRegisteredBase._castFunctionToPointerInput
DA:341,228665
FN:345,SphereXProtectedRegisteredBase._castFunctionToPointerOutput
FNDA:243362,SphereXProtectedRegisteredBase._castFunctionToPointerOutput
DA:349,243362
FNF:18
FNH:18
LF:79
LH:75
BRF:5
BRH:3
end_of_record
TN:
SF:src/types/HooksConfig.sol
FN:84,LibHooksConfig.setHooksAddress
FNDA:37361,LibHooksConfig.setHooksAddress
DA:90,37361
DA:92,37361
FN:100,LibHooksConfig.mergeSharedFlags
FNDA:1000,LibHooksConfig.mergeSharedFlags
DA:105,1000
DA:106,1000
DA:107,1000
DA:108,1000
DA:109,1000
FN:117,LibHooksConfig.mergeAllFlags
FNDA:17171,LibHooksConfig.mergeAllFlags
DA:119,17171
DA:120,17171
DA:121,17171
DA:122,17171
DA:123,17171
FN:127,LibHooksConfig.mergeFlags
FNDA:23201,LibHooksConfig.mergeFlags
DA:132,23201
DA:134,23201
DA:138,23201
DA:139,23201
DA:140,23201
DA:142,23201
FN:146,LibHooksConfig.optionalFlags
FNDA:18173,LibHooksConfig.optionalFlags
DA:148,18173
FN:152,LibHooksConfig.requiredFlags
FNDA:18173,LibHooksConfig.requiredFlags
DA:154,18173
FN:162,LibHooksConfig.readFlag
FNDA:859511,LibHooksConfig.readFlag
DA:164,859511
FN:168,LibHooksConfig.setFlag
FNDA:8443,LibHooksConfig.setFlag
DA:173,8443
FN:177,LibHooksConfig.clearFlag
FNDA:17191,LibHooksConfig.clearFlag
DA:182,17191
FN:187,LibHooksConfig.hooksAddress
FNDA:435739,LibHooksConfig.hooksAddress
DA:189,435739
FN:194,LibHooksConfig.useOnDeposit
FNDA:109121,LibHooksConfig.useOnDeposit
DA:195,109121
FN:199,LibHooksConfig.useOnQueueWithdrawal
FNDA:201280,LibHooksConfig.useOnQueueWithdrawal
DA:200,201280
FN:204,LibHooksConfig.useOnExecuteWithdrawal
FNDA:62389,LibHooksConfig.useOnExecuteWithdrawal
DA:205,62389
FN:209,LibHooksConfig.useOnTransfer
FNDA:73068,LibHooksConfig.useOnTransfer
DA:210,73068
FN:214,LibHooksConfig.useOnBorrow
FNDA:61407,LibHooksConfig.useOnBorrow
DA:215,61407
FN:219,LibHooksConfig.useOnRepay
FNDA:58330,LibHooksConfig.useOnRepay
DA:220,58330
FN:224,LibHooksConfig.useOnCloseMarket
FNDA:59386,LibHooksConfig.useOnCloseMarket
DA:225,59386
FN:229,LibHooksConfig.useOnNukeFromOrbit
FNDA:61377,LibHooksConfig.useOnNukeFromOrbit
DA:230,61377
FN:234,LibHooksConfig.useOnSetMaxTotalSupply
FNDA:58377,LibHooksConfig.useOnSetMaxTotalSupply
DA:235,58377
FN:239,LibHooksConfig.useOnSetAnnualInterestAndReserveRatioBips
FNDA:57396,LibHooksConfig.useOnSetAnnualInterestAndReserveRatioBips
DA:242,57396
FN:246,LibHooksConfig.useOnSetProtocolFeeBips
FNDA:57380,LibHooksConfig.useOnSetProtocolFeeBips
DA:247,57380
FN:263,LibHooksConfig.onDeposit
FNDA:49377,LibHooksConfig.onDeposit
DA:269,49377
DA:270,49377
DA:271,49377
BRDA:271,0,0,41378
DA:273,41378
DA:274,41378
DA:275,41378
DA:277,41378
DA:279,41378
DA:281,41378
DA:283,41378
DA:285,41378
DA:290,41378
DA:292,41378
DA:298,41378
DA:300,41378
BRDA:300,1,0,612
DA:301,612
DA:302,612
FN:321,LibHooksConfig.onQueueWithdrawal
FNDA:138352,LibHooksConfig.onQueueWithdrawal
DA:329,138352
DA:330,138352
DA:331,138352
BRDA:331,2,0,132763
DA:333,132763
DA:334,132763
DA:335,132763
DA:337,132763
DA:339,132763
DA:341,132763
DA:343,132763
DA:345,132763
DA:347,132763
DA:352,132763
DA:354,132763
DA:360,132763
DA:362,132763
BRDA:362,3,0,217
DA:363,217
DA:364,217
FN:382,LibHooksConfig.onExecuteWithdrawal
FNDA:8013,LibHooksConfig.onExecuteWithdrawal
DA:389,8013
DA:390,8013
DA:391,8013
BRDA:391,4,0,2072
DA:393,2072
DA:394,2072
DA:395,2072
DA:397,2072
DA:399,2072
DA:401,2072
DA:403,2072
DA:405,2072
DA:410,2072
DA:412,2072
DA:418,2072
DA:420,2072
BRDA:420,5,0,-
DA:421,0
DA:422,0
FN:442,LibHooksConfig.onTransfer
FNDA:13324,LibHooksConfig.onTransfer
DA:450,13324
DA:451,13324
DA:452,13324
BRDA:452,6,0,11340
DA:454,11340
DA:455,11340
DA:456,11340
DA:458,11340
DA:460,11340
DA:462,11340
DA:464,11340
DA:466,11340
DA:468,11340
DA:470,11340
DA:475,11340
DA:477,11340
DA:483,11340
DA:485,11340
BRDA:485,7,0,1
DA:486,1
DA:487,1
FN:505,LibHooksConfig.onBorrow
FNDA:7031,LibHooksConfig.onBorrow
DA:506,7031
DA:507,7031
DA:508,7031
BRDA:508,8,0,1979
DA:510,1979
DA:511,1979
DA:512,1979
DA:514,1979
DA:516,1979
DA:518,1979
DA:520,1979
DA:525,1979
DA:527,1979
DA:533,1979
DA:534,1979
BRDA:534,9,0,-
DA:535,0
DA:536,0
FN:553,LibHooksConfig.onRepay
FNDA:3954,LibHooksConfig.onRepay
DA:559,3954
DA:560,3954
DA:561,3954
BRDA:561,10,0,1425
DA:563,1425
DA:564,1425
DA:565,1425
DA:567,1425
DA:569,1425
DA:571,1425
DA:573,1425
DA:575,1425
DA:577,1425
DA:583,1425
DA:584,1425
BRDA:584,11,0,-
DA:585,0
DA:586,0
FN:605,LibHooksConfig.onCloseMarket
FNDA:5010,LibHooksConfig.onCloseMarket
DA:606,5010
DA:607,5010
DA:608,5010
BRDA:608,12,0,1012
DA:610,1012
DA:611,1012
DA:612,1012
DA:614,1012
DA:616,1012
DA:618,1012
DA:623,1012
DA:625,1012
DA:631,1012
DA:633,1012
BRDA:633,13,0,-
DA:634,0
DA:635,0
FN:653,LibHooksConfig.onSetMaxTotalSupply
FNDA:4001,LibHooksConfig.onSetMaxTotalSupply
DA:658,4001
DA:659,4001
DA:660,4001
BRDA:660,14,0,989
DA:662,989
DA:663,989
DA:664,989
DA:666,989
DA:668,989
DA:670,989
DA:672,989
DA:677,989
DA:679,989
DA:685,989
DA:687,989
BRDA:687,15,0,-
DA:688,0
DA:689,0
FN:709,LibHooksConfig.onSetAnnualInterestAndReserveRatioBips
FNDA:3020,LibHooksConfig.onSetAnnualInterestAndReserveRatioBips
DA:715,3020
DA:716,3020
DA:719,3020
BRDA:719,16,0,2030
BRDA:719,16,1,2029
DA:721,2030
DA:722,2030
DA:723,2030
DA:725,2030
DA:727,2030
DA:729,2030
DA:734,2030
DA:740,2030
DA:745,2030
DA:750,2030
DA:756,2030
DA:759,2030
BRDA:759,17,0,1
DA:763,1
DA:764,1
DA:767,2029
DA:768,2029
DA:771,990
FN:787,LibHooksConfig.onSetProtocolFeeBips
FNDA:3004,LibHooksConfig.onSetProtocolFeeBips
DA:788,3004
DA:789,3004
DA:790,3004
BRDA:790,18,0,987
DA:792,987
DA:793,987
DA:794,987
DA:796,987
DA:798,987
DA:800,987
DA:802,987
DA:807,987
DA:809,987
DA:815,987
DA:817,987
BRDA:817,19,0,-
DA:818,0
DA:819,0
FN:837,LibHooksConfig.onNukeFromOrbit
FNDA:7001,LibHooksConfig.onNukeFromOrbit
DA:838,7001
DA:839,7001
DA:840,7001
BRDA:840,20,0,1494
DA:842,1494
DA:843,1494
DA:844,1494
DA:846,1494
DA:848,1494
DA:850,1494
DA:852,1494
DA:857,1494
DA:859,1494
DA:865,1494
DA:867,1494
BRDA:867,21,0,-
DA:868,0
DA:869,0
FNF:32
FNH:32
LF:221
LH:207
BRF:23
BRH:16
end_of_record
TN:
SF:src/types/LenderStatus.sol
FN:29,LibLenderStatus.credentialExpired
FNDA:0,LibLenderStatus.credentialExpired
DA:33,0
FN:36,LibLenderStatus.hasCredential
FNDA:99633,LibLenderStatus.hasCredential
DA:37,99633
FN:48,LibLenderStatus.credentialNotExpired
FNDA:29372,LibLenderStatus.credentialNotExpired
DA:52,29372
FN:55,LibLenderStatus.setCredential
FNDA:55276,LibLenderStatus.setCredential
DA:61,55276
DA:62,55276
DA:63,55276
FN:66,LibLenderStatus.unsetCredential
FNDA:6328,LibLenderStatus.unsetCredential
DA:67,6328
DA:68,6328
DA:69,6328
FNF:5
FNH:4
LF:9
LH:8
BRF:0
BRH:0
end_of_record
TN:
SF:src/types/RoleProvider.sol
FN:37,LibRoleProvider.calculateExpiry
FNDA:114809,LibRoleProvider.calculateExpiry
DA:41,114809
FN:45,LibRoleProvider.decodeRoleProvider
FNDA:1000,LibRoleProvider.decodeRoleProvider
DA:53,1000
DA:54,1000
DA:55,1000
FN:60,LibRoleProvider.timeToLive
FNDA:161833,LibRoleProvider.timeToLive
DA:62,161833
FN:71,LibRoleProvider.setTimeToLive
FNDA:7000,LibRoleProvider.setTimeToLive
DA:76,7000
FN:81,LibRoleProvider.providerAddress
FNDA:158847,LibRoleProvider.providerAddress
DA:83,158847
FN:92,LibRoleProvider.setProviderAddress
FNDA:1000,LibRoleProvider.setProviderAddress
DA:97,1000
FN:105,LibRoleProvider.pullProviderIndex
FNDA:159564,LibRoleProvider.pullProviderIndex
DA:109,159564
FN:118,LibRoleProvider.setPullProviderIndex
FNDA:1002,LibRoleProvider.setPullProviderIndex
DA:123,1002
FN:131,LibRoleProvider.eq
FNDA:1000,LibRoleProvider.eq
DA:136,1000
FN:141,LibRoleProvider.isNull
FNDA:189944,LibRoleProvider.isNull
DA:143,189944
FN:151,LibRoleProvider.isPullProvider
FNDA:63267,LibRoleProvider.isPullProvider
DA:152,63267
FN:159,LibRoleProvider.setNotPullProvider
FNDA:1000,LibRoleProvider.setNotPullProvider
DA:163,1000
FNF:12
FNH:12
LF:14
LH:14
BRF:0
BRH:0
end_of_record
TN:
SF:src/types/TransientBytesArray.sol
FN:16,LibTransientBytesArray.readToPointer
FNDA:25188,LibTransientBytesArray.readToPointer
FN:21,LibTransientBytesArray.extractByteArrayLength
FNDA:25188,LibTransientBytesArray.extractByteArrayLength
DA:22,25188
DA:23,25188
DA:24,25188
BRDA:24,0,0,3000
DA:25,3000
DA:28,25188
BRDA:28,1,0,-
DA:30,0
DA:32,0
DA:34,0
DA:37,25188
DA:38,25188
DA:39,25188
DA:40,25188
DA:42,25188
DA:44,3000
DA:45,3000
DA:46,3000
DA:48,22188
DA:50,22188
DA:52,22188
DA:53,22188
DA:56,370051
DA:57,347863
DA:58,347863
DA:59,347863
DA:60,347863
DA:62,22188
FN:67,LibTransientBytesArray.read
FNDA:25188,LibTransientBytesArray.read
DA:68,25188
DA:70,25188
DA:71,25188
DA:72,25188
DA:74,25188
DA:76,25188
FN:85,LibTransientBytesArray.write
FNDA:23189,LibTransientBytesArray.write
DA:87,23189
DA:88,23189
DA:90,23189
DA:92,22189
DA:94,22189
DA:95,22189
DA:96,22189
DA:99,370068
DA:100,347879
DA:101,347879
DA:102,347879
DA:103,347879
DA:106,1000
DA:108,1000
DA:109,1000
DA:110,1000
FN:115,LibTransientBytesArray.setEmpty
FNDA:23188,LibTransientBytesArray.setEmpty
DA:117,23188
FNF:5
FNH:5
LF:49
LH:46
BRF:2
BRH:1
end_of_record
TN:
SF:test/BaseMarketTest.sol
FN:21,BaseMarketTest.setUp
FNDA:149,BaseMarketTest.setUp
DA:22,155
FN:25,BaseMarketTest.setUpContracts
FNDA:19180,BaseMarketTest.setUpContracts
DA:26,19180
DA:27,19180
BRDA:27,0,0,171
DA:28,171
DA:31,19180
DA:32,19180
DA:33,19180
DA:34,19180
DA:35,19180
DA:36,19180
DA:52,19180
DA:54,19180
DA:55,19180
DA:57,19180
DA:58,19180
FN:61,BaseMarketTest.resetWithMockHooks
FNDA:2,BaseMarketTest.resetWithMockHooks
DA:62,2
DA:63,2
DA:71,2
DA:72,2
DA:73,2
DA:74,2
FN:77,BaseMarketTest._authorizeLender
FNDA:53236,BaseMarketTest._authorizeLender
DA:78,53236
DA:79,53236
DA:84,53236
FN:87,BaseMarketTest._deauthorizeLender
FNDA:2,BaseMarketTest._deauthorizeLender
DA:88,2
DA:89,2
DA:90,2
FN:93,BaseMarketTest._blockLender
FNDA:1003,BaseMarketTest._blockLender
DA:94,1003
DA:95,1003
DA:96,1003
FN:99,BaseMarketTest._depositBorrowWithdraw
FNDA:2026,BaseMarketTest._depositBorrowWithdraw
DA:105,2026
DA:107,2026
DA:109,2026
FN:112,BaseMarketTest._deposit
FNDA:34050,BaseMarketTest._deposit
DA:117,34050
BRDA:117,1,0,34050
DA:118,34050
DA:119,34050
DA:120,34050
DA:121,34050
DA:122,34050
DA:123,34050
DA:124,34050
DA:125,34050
DA:126,34050
DA:127,34050
DA:128,34050
FN:131,BaseMarketTest._deposit
FNDA:34050,BaseMarketTest._deposit
DA:132,34050
FN:135,BaseMarketTest._requestWithdrawal
FNDA:14052,BaseMarketTest._requestWithdrawal
DA:136,14052
DA:137,14052
DA:138,14052
DA:139,14052
DA:140,14052
DA:141,14052
DA:147,14052
DA:152,14052
FN:159,BaseMarketTest._requestFullWithdrawal
FNDA:6001,BaseMarketTest._requestFullWithdrawal
DA:160,6001
DA:161,6001
DA:162,6001
DA:163,6001
DA:164,6001
DA:165,6001
DA:166,6001
FN:169,BaseMarketTest._closeMarket
FNDA:2002,BaseMarketTest._closeMarket
DA:170,2002
DA:171,2002
DA:172,2002
DA:173,2002
DA:174,2002
DA:175,2002
DA:176,2002
FN:179,BaseMarketTest._borrow
FNDA:4029,BaseMarketTest._borrow
DA:180,4029
DA:182,4029
DA:183,4029
DA:184,4029
FN:187,BaseMarketTest._approve
FNDA:38360,BaseMarketTest._approve
DA:188,38360
FNF:14
FNH:14
LF:73
LH:73
BRF:2
BRH:2
end_of_record
TN:
SF:test/EscrowTest.sol
FN:15,MockWildcatArchController.setIsRegsiteredMarket
FNDA:1013,MockWildcatArchController.setIsRegsiteredMarket
DA:16,1013
FNF:1
FNH:1
LF:1
LH:1
BRF:0
BRH:0
end_of_record
TN:
SF:test/HooksFactory.t.sol
FN:41,BrokenHooksTemplate.
FNDA:1000,BrokenHooksTemplate.
DA:43,1000
FNF:1
FNH:1
LF:1
LH:1
BRF:0
BRH:0
end_of_record
TN:
SF:test/ReentrancyGuard.t.sol
FN:9,Reentrant.callSelfWithGuard
FNDA:2,Reentrant.callSelfWithGuard
DA:10,1
BRDA:10,0,0,1
BRDA:10,0,1,-
DA:11,1
DA:13,1
FN:17,Reentrant.callSelf
FNDA:2,Reentrant.callSelf
DA:18,1
BRDA:18,1,0,1
BRDA:18,1,1,1
DA:19,1
DA:21,1
FN:25,Reentrant.increment
FNDA:3,Reentrant.increment
DA:26,2
FN:29,Reentrant.getIndex
FNDA:3,Reentrant.getIndex
DA:30,2
FNF:4
FNH:4
LF:8
LH:8
BRF:4
BRH:3
end_of_record
TN:
SF:test/SentinelTest.sol
FN:16,MockWildcatArchController.setIsRegsiteredMarket
FNDA:0,MockWildcatArchController.setIsRegsiteredMarket
DA:17,0
FNF:1
FNH:0
LF:1
LH:0
BRF:0
BRH:0
end_of_record
TN:
SF:test/handlers/BaseHandler.sol
FN:24,BaseHandler.
FNDA:3,BaseHandler.
DA:25,3
DA:26,3
FN:29,BaseHandler.createActor
FNDA:0,BaseHandler.createActor
DA:31,0
DA:32,0
FN:36,BaseHandler._addActor
FNDA:144090,BaseHandler._addActor
DA:37,144090
BRDA:37,0,0,-
BRDA:37,0,1,144090
DA:38,0
DA:39,0
DA:40,144090
BRDA:40,1,0,-
BRDA:40,1,1,144090
DA:41,0
DA:43,144090
DA:44,0
DA:46,0
FN:49,BaseHandler.useActor
FNDA:35616,BaseHandler.useActor
DA:50,35616
BRDA:50,2,0,-
BRDA:50,2,1,36201
DA:51,0
DA:53,35616
DA:55,0
DA:57,0
FN:60,BaseHandler.selectActor
FNDA:35910,BaseHandler.selectActor
DA:61,35910
FN:65,BaseHandler.useTwoActors
FNDA:0,BaseHandler.useTwoActors
DA:70,0
DA:71,0
BRDA:71,3,0,-
BRDA:71,3,1,-
DA:72,0
DA:74,0
DA:77,0
DA:79,0
FN:82,BaseHandler.countCall
FNDA:0,BaseHandler.countCall
DA:83,0
FN:87,BaseHandler._countCall
FNDA:180000,BaseHandler._countCall
DA:88,180000
DA:89,180000
BRDA:89,4,0,180000
DA:90,180000
DA:93,180000
FN:96,BaseHandler.actors
FNDA:0,BaseHandler.actors
DA:97,0
FN:100,BaseHandler.forEachActor
FNDA:0,BaseHandler.forEachActor
DA:101,0
FN:104,BaseHandler.reduceActors
FNDA:0,BaseHandler.reduceActors
DA:108,0
FN:111,BaseHandler.callSummary
FNDA:0,BaseHandler.callSummary
DA:112,0
DA:113,0
DA:114,0
DA:115,0
DA:116,0
DA:117,0
FNF:12
FNH:5
LF:38
LH:12
BRF:9
BRH:4
end_of_record
TN:
SF:test/handlers/ERC20Handler.sol
FN:21,ERC20Handler.
FNDA:3,ERC20Handler.
DA:26,3
DA:27,3
FN:30,ERC20Handler.mint
FNDA:35616,ERC20Handler.mint
DA:34,0
FN:37,ERC20Handler._mint
FNDA:3,ERC20Handler._mint
DA:38,3
BRDA:38,0,0,-
DA:39,0
DA:40,0
DA:42,3
DA:43,3
FN:46,ERC20Handler.burn
FNDA:36189,ERC20Handler.burn
DA:50,0
DA:51,0
DA:52,0
DA:53,0
BRDA:53,1,0,-
DA:54,0
DA:55,0
DA:57,0
DA:58,0
DA:59,0
FN:62,ERC20Handler.approve
FNDA:36201,ERC20Handler.approve
DA:67,0
DA:68,0
FN:71,ERC20Handler.transfer
FNDA:36084,ERC20Handler.transfer
DA:76,0
DA:78,0
DA:79,0
BRDA:79,2,0,-
DA:80,0
DA:81,0
DA:84,0
BRDA:84,3,0,-
DA:85,0
FN:89,ERC20Handler.transferFrom
FNDA:35910,ERC20Handler.transferFrom
DA:96,0
DA:97,0
DA:99,0
DA:101,0
BRDA:101,4,0,-
BRDA:101,4,1,-
DA:102,0
DA:103,0
DA:105,0
DA:107,0
BRDA:107,5,0,-
DA:108,0
DA:109,0
DA:112,0
DA:113,0
FN:116,ERC20Handler.callSummary
FNDA:0,ERC20Handler.callSummary
DA:117,0
DA:118,0
DA:120,0
DA:121,0
DA:122,0
DA:123,0
FNF:8
FNH:7
LF:44
LH:5
BRF:7
BRH:0
end_of_record
TN:
SF:test/helpers/AddressSet.sol
FN:10,LibAddressSet.add
FNDA:0,LibAddressSet.add
DA:11,0
BRDA:11,0,0,-
DA:12,0
DA:13,0
FN:17,LibAddressSet.contains
FNDA:288180,LibAddressSet.contains
DA:18,288180
FN:21,LibAddressSet.count
FNDA:288180,LibAddressSet.count
DA:22,288180
FN:25,LibAddressSet.rand
FNDA:35910,LibAddressSet.rand
DA:26,35910
BRDA:26,1,0,-
BRDA:26,1,1,-
DA:27,0
DA:29,35910
FN:33,LibAddressSet.forEach
FNDA:0,LibAddressSet.forEach
DA:34,0
DA:35,0
FN:39,LibAddressSet.reduce
FNDA:0,LibAddressSet.reduce
DA:44,0
DA:45,0
DA:47,0
FNF:6
FNH:3
LF:13
LH:4
BRF:3
BRH:0
end_of_record
TN:
SF:test/helpers/Assertions.sol
FN:15,Assertions.assertEq
FNDA:141499,Assertions.assertEq
DA:20,141499
DA:21,141499
DA:26,141499
DA:31,141499
DA:36,141499
DA:41,141499
DA:46,141499
DA:47,141499
DA:48,141499
DA:53,141499
DA:58,141499
DA:59,141499
DA:64,141499
FN:71,Assertions.assertEq
FNDA:1,Assertions.assertEq
DA:72,1
FN:75,Assertions.assertEq
FNDA:61159,Assertions.assertEq
DA:76,61159
DA:77,61159
DA:78,12
FN:82,Assertions.assertEq
FNDA:0,Assertions.assertEq
DA:83,0
FN:86,Assertions.assertEq
FNDA:46022,Assertions.assertEq
DA:91,46022
DA:96,46022
DA:97,46022
FN:104,Assertions.assertEq
FNDA:4000,Assertions.assertEq
DA:105,4000
FN:108,Assertions.assertEq
FNDA:0,Assertions.assertEq
DA:113,0
DA:118,0
FN:125,Assertions.assertEq
FNDA:0,Assertions.assertEq
DA:126,0
FN:129,Assertions.assertEq
FNDA:2,Assertions.assertEq
DA:134,2
DA:139,2
FN:146,Assertions.assertEq
FNDA:0,Assertions.assertEq
DA:150,0
FN:153,Assertions.assertEq
FNDA:23186,Assertions.assertEq
DA:154,23186
DA:159,23186
DA:164,23186
DA:169,23186
DA:174,23186
DA:179,23186
DA:184,23186
DA:185,23186
DA:190,23186
DA:195,23186
DA:200,23186
DA:205,23186
FN:212,Assertions.assertEq
FNDA:0,Assertions.assertEq
DA:213,0
FN:216,Assertions.assertEq
FNDA:6004,Assertions.assertEq
DA:221,6004
DA:226,6004
DA:231,6004
DA:236,6004
DA:241,6004
DA:246,6004
DA:247,6004
DA:248,6004
DA:253,6004
DA:258,6004
DA:263,6004
DA:268,6004
FN:275,Assertions.assertEq
FNDA:1000,Assertions.assertEq
DA:276,1000
FN:279,Assertions.assertEq
FNDA:1950,Assertions.assertEq
DA:284,1950
DA:289,1950
DA:290,1950
DA:291,1950
FN:298,Assertions.assertEq
FNDA:0,Assertions.assertEq
DA:299,0
FN:302,Assertions.assertEq
FNDA:8000,Assertions.assertEq
DA:307,8000
DA:308,8000
DA:309,8000
DA:314,8000
DA:319,8000
FN:326,Assertions.assertEq
FNDA:8000,Assertions.assertEq
DA:327,8000
FN:330,Assertions.assertEq
FNDA:2000,Assertions.assertEq
DA:335,2000
DA:336,2000
DA:337,2000
DA:338,2000
DA:339,2000
DA:344,2000
DA:349,2000
DA:354,2000
DA:359,2000
DA:364,2000
FN:367,Assertions.assertEq
FNDA:0,Assertions.assertEq
DA:368,0
FN:371,Assertions.assertBytesEq
FNDA:18004,Assertions.assertBytesEq
DA:377,18004
BRDA:377,0,0,-
DA:378,0
BRDA:378,1,0,-
DA:379,0
DA:381,0
DA:382,0
DA:383,0
DA:384,0
DA:385,0
DA:386,0
FN:390,Assertions.assertBytesEq
FNDA:18004,Assertions.assertBytesEq
DA:391,18004
FN:394,Assertions.printWordsInBytes
FNDA:0,Assertions.printWordsInBytes
DA:399,0
DA:400,0
BRDA:400,2,0,-
DA:401,0
DA:402,0
DA:404,0
DA:406,0
DA:408,0
DA:409,0
DA:411,0
DA:413,0
DA:414,0
BRDA:414,3,0,-
DA:415,0
DA:417,0
DA:426,0
FN:430,Assertions.printWordsInBytes
FNDA:0,Assertions.printWordsInBytes
DA:431,0
FNF:24
FNH:15
LF:101
LH:70
BRF:4
BRH:0
end_of_record
TN:
SF:test/helpers/ExpectedBalances.sol
FN:56,BalanceErrorMessages.unexpectedAmountErrorMessage
FNDA:0,BalanceErrorMessages.unexpectedAmountErrorMessage
DA:63,0
DA:64,0
FN:78,BalanceErrorMessages.unexpectedAmountErrorMessage
FNDA:0,BalanceErrorMessages.unexpectedAmountErrorMessage
DA:86,0
DA:87,0
FN:103,BalanceErrorMessages.nativeUnexpectedBalance
FNDA:0,BalanceErrorMessages.nativeUnexpectedBalance
DA:108,0
DA:109,0
FN:118,BalanceErrorMessages.erc20UnexpectedBalance
FNDA:0,BalanceErrorMessages.erc20UnexpectedBalance
DA:124,0
DA:125,0
FN:134,BalanceErrorMessages.erc721UnexpectedBalance
FNDA:0,BalanceErrorMessages.erc721UnexpectedBalance
DA:140,0
DA:141,0
FN:150,BalanceErrorMessages.erc1155UnexpectedBalance
FNDA:0,BalanceErrorMessages.erc1155UnexpectedBalance
DA:157,0
DA:158,0
FN:168,BalanceErrorMessages.insufficientBalance
FNDA:0,BalanceErrorMessages.insufficientBalance
DA:176,0
DA:177,0
FN:191,BalanceErrorMessages.insufficientNativeBalance
FNDA:0,BalanceErrorMessages.insufficientNativeBalance
DA:198,0
DA:199,0
FN:209,BalanceErrorMessages.insufficientERC20Balance
FNDA:0,BalanceErrorMessages.insufficientERC20Balance
DA:217,0
DA:218,0
FN:231,BalanceErrorMessages.insufficientERC1155Balance
FNDA:0,BalanceErrorMessages.insufficientERC1155Balance
[...]
DA:68,12000
DA:69,12000
DA:70,12000
DA:71,12000
DA:72,12000
FNF:2
FNH:2
LF:21
LH:21
BRF:0
BRH:0
end_of_record
TN:
SF:test/libraries/LibStoredInitCode.t.sol
FN:8,Undeployable.
FNDA:0,Undeployable.
DA:10,0
FNF:1
FNH:0
LF:1
LH:0
BRF:0
BRH:0
end_of_record
TN:
SF:test/libraries/StringQuery.t.sol
FN:28,BadStrings.setGiveRevertData
FNDA:2,BadStrings.setGiveRevertData
DA:29,2
FN:32,BadStrings.name
FNDA:2,BadStrings.name
DA:33,1
BRDA:33,0,0,1
BRDA:33,0,1,1
DA:34,1
DA:36,1
FN:40,BadStrings.symbol
FNDA:2,BadStrings.symbol
DA:41,1
BRDA:41,1,0,1
BRDA:41,1,1,1
DA:42,1
DA:44,1
FNF:3
FNH:3
LF:7
LH:7
BRF:4
BRH:4
end_of_record
TN:
SF:test/libraries/wrappers/FIFOQueueLibExternal.sol
FN:9,FIFOQueueLibExternal.$empty
FNDA:3,FIFOQueueLibExternal.$empty
DA:10,3
FN:13,FIFOQueueLibExternal.$push
FNDA:18,FIFOQueueLibExternal.$push
DA:14,18
FN:17,FIFOQueueLibExternal.$first
FNDA:4,FIFOQueueLibExternal.$first
DA:18,4
FN:21,FIFOQueueLibExternal.$at
FNDA:5,FIFOQueueLibExternal.$at
DA:22,5
FN:25,FIFOQueueLibExternal.$shift
FNDA:6,FIFOQueueLibExternal.$shift
DA:26,6
FN:29,FIFOQueueLibExternal.$shiftN
FNDA:3,FIFOQueueLibExternal.$shiftN
DA:30,3
FN:33,FIFOQueueLibExternal.$length
FNDA:4,FIFOQueueLibExternal.$length
DA:34,4
FN:37,FIFOQueueLibExternal.$values
FNDA:2,FIFOQueueLibExternal.$values
DA:38,2
FNF:8
FNH:8
LF:8
LH:8
BRF:0
BRH:0
end_of_record
TN:
SF:test/libraries/wrappers/FeeMathExternal.sol
FN:7,FeeMathExternal.$calculateLinearInterestFromBips
FNDA:0,FeeMathExternal.$calculateLinearInterestFromBips
DA:11,0
FN:14,FeeMathExternal.$calculateBaseInterest
FNDA:0,FeeMathExternal.$calculateBaseInterest
DA:18,0
FN:21,FeeMathExternal.$applyProtocolFee
FNDA:0,FeeMathExternal.$applyProtocolFee
DA:25,0
DA:26,0
FN:29,FeeMathExternal.$updateDelinquency
FNDA:0,FeeMathExternal.$updateDelinquency
DA:35,0
DA:36,0
FN:44,FeeMathExternal.$updateTimeDelinquentAndGetPenaltyTime
FNDA:1008,FeeMathExternal.$updateTimeDelinquentAndGetPenaltyTime
DA:49,1008
DA:50,1008
FN:57,FeeMathExternal.$updateScaleFactorAndFees
FNDA:1001,FeeMathExternal.$updateScaleFactorAndFees
DA:72,1001
DA:73,1001
FNF:6
FNH:2
LF:10
LH:4
BRF:0
BRH:0
end_of_record
TN:
SF:test/libraries/wrappers/LibStoredInitCodeExternal.sol
FN:9,LibStoredInitCodeExternal.deployInitCode
FNDA:5004,LibStoredInitCodeExternal.deployInitCode
DA:10,5004
FN:15,LibStoredInitCodeExternal.getCreate2Prefix
FNDA:4002,LibStoredInitCodeExternal.getCreate2Prefix
DA:16,4002
FN:19,LibStoredInitCodeExternal.calculateCreate2Address
FNDA:1001,LibStoredInitCodeExternal.calculateCreate2Address
DA:24,1001
FN:27,LibStoredInitCodeExternal.createWithStoredInitCode
FNDA:1000,LibStoredInitCodeExternal.createWithStoredInitCode
DA:28,1000
FN:31,LibStoredInitCodeExternal.createWithStoredInitCode
FNDA:2,LibStoredInitCodeExternal.createWithStoredInitCode
DA:35,2
FN:38,LibStoredInitCodeExternal.create2WithStoredInitCode
FNDA:3000,LibStoredInitCodeExternal.create2WithStoredInitCode
DA:42,3000
FN:45,LibStoredInitCodeExternal.create2WithStoredInitCode
FNDA:1000,LibStoredInitCodeExternal.create2WithStoredInitCode
DA:50,1000
FN:61,TestContract.
FNDA:5005,TestContract.
DA:62,5005
FN:65,TestContract.getValue
FNDA:0,TestContract.getValue
DA:66,0
FNF:9
FNH:8
LF:9
LH:8
BRF:0
BRH:0
end_of_record
TN:
SF:test/libraries/wrappers/MarketStateLibExternal.sol
FN:8,MarketStateLibExternal.$totalSupply
FNDA:1000,MarketStateLibExternal.$totalSupply
DA:9,1000
FN:14,MarketStateLibExternal.$maximumDeposit
FNDA:1,MarketStateLibExternal.$maximumDeposit
DA:15,1
FN:19,MarketStateLibExternal.$normalizeAmount
FNDA:5000,MarketStateLibExternal.$normalizeAmount
DA:23,5000
FN:27,MarketStateLibExternal.$scaleAmount
FNDA:2000,MarketStateLibExternal.$scaleAmount
DA:28,2000
FN:33,MarketStateLibExternal.$liquidityRequired
FNDA:3304,MarketStateLibExternal.$liquidityRequired
DA:36,3304
FN:39,MarketStateLibExternal.$borrowableAssets
FNDA:1000,MarketStateLibExternal.$borrowableAssets
DA:43,1000
FN:46,MarketStateLibExternal.$hasPendingExpiredBatch
FNDA:1000,MarketStateLibExternal.$hasPendingExpiredBatch
DA:47,1000
FN:50,MarketStateLibExternal.$withdrawableProtocolFees
FNDA:1000,MarketStateLibExternal.$withdrawableProtocolFees
DA:54,1000
FNF:8
FNH:8
LF:8
LH:8
BRF:0
BRH:0
end_of_record
TN:
SF:test/libraries/wrappers/MathUtilsExternal.sol
FN:8,MathUtilsExternal.calculateLinearInterestFromBips
FNDA:1001,MathUtilsExternal.calculateLinearInterestFromBips
DA:12,1001
FN:15,MathUtilsExternal.min
FNDA:0,MathUtilsExternal.min
DA:16,0
FN:19,MathUtilsExternal.max
FNDA:1000,MathUtilsExternal.max
DA:20,1000
FN:23,MathUtilsExternal.satSub
FNDA:1000,MathUtilsExternal.satSub
DA:24,1000
FN:27,MathUtilsExternal.ternary
FNDA:0,MathUtilsExternal.ternary
DA:32,0
FN:35,MathUtilsExternal.bipMul
FNDA:1002,MathUtilsExternal.bipMul
DA:36,1002
FN:39,MathUtilsExternal.bipDiv
FNDA:1000,MathUtilsExternal.bipDiv
DA:40,1000
FN:43,MathUtilsExternal.bipToRay
FNDA:1985,MathUtilsExternal.bipToRay
DA:44,1985
FN:47,MathUtilsExternal.rayMul
FNDA:1002,MathUtilsExternal.rayMul
DA:48,1002
FN:51,MathUtilsExternal.rayDiv
FNDA:0,MathUtilsExternal.rayDiv
DA:52,0
FN:55,MathUtilsExternal.mulDiv
FNDA:1000,MathUtilsExternal.mulDiv
DA:56,1000
FN:59,MathUtilsExternal.mulDivUp
FNDA:1000,MathUtilsExternal.mulDivUp
DA:60,1000
FNF:12
FNH:9
LF:12
LH:9
BRF:0
BRH:0
end_of_record
TN:
SF:test/libraries/wrappers/SafeCastLibExternal.sol
FN:6,SafeCastLibExternal.toUint8
FNDA:2000,SafeCastLibExternal.toUint8
DA:7,2000
FN:10,SafeCastLibExternal.toUint16
FNDA:2000,SafeCastLibExternal.toUint16
DA:11,2000
FN:14,SafeCastLibExternal.toUint24
FNDA:2000,SafeCastLibExternal.toUint24
DA:15,2000
FN:18,SafeCastLibExternal.toUint32
FNDA:2000,SafeCastLibExternal.toUint32
DA:19,2000
FN:22,SafeCastLibExternal.toUint40
FNDA:2000,SafeCastLibExternal.toUint40
DA:23,2000
FN:26,SafeCastLibExternal.toUint48
FNDA:2000,SafeCastLibExternal.toUint48
DA:27,2000
FN:30,SafeCastLibExternal.toUint56
FNDA:2000,SafeCastLibExternal.toUint56
DA:31,2000
FN:34,SafeCastLibExternal.toUint64
FNDA:2000,SafeCastLibExternal.toUint64
DA:35,2000
FN:38,SafeCastLibExternal.toUint72
FNDA:2000,SafeCastLibExternal.toUint72
DA:39,2000
FN:42,SafeCastLibExternal.toUint80
FNDA:2000,SafeCastLibExternal.toUint80
DA:43,2000
FN:46,SafeCastLibExternal.toUint88
FNDA:2000,SafeCastLibExternal.toUint88
DA:47,2000
FN:50,SafeCastLibExternal.toUint96
FNDA:2000,SafeCastLibExternal.toUint96
DA:51,2000
FN:54,SafeCastLibExternal.toUint104
FNDA:2000,SafeCastLibExternal.toUint104
DA:55,2000
FN:58,SafeCastLibExternal.toUint112
FNDA:2000,SafeCastLibExternal.toUint112
DA:59,2000
FN:62,SafeCastLibExternal.toUint120
FNDA:2000,SafeCastLibExternal.toUint120
DA:63,2000
FN:66,SafeCastLibExternal.toUint128
FNDA:2000,SafeCastLibExternal.toUint128
DA:67,2000
FN:70,SafeCastLibExternal.toUint136
FNDA:2000,SafeCastLibExternal.toUint136
DA:71,2000
FN:74,SafeCastLibExternal.toUint144
FNDA:2000,SafeCastLibExternal.toUint144
DA:75,2000
FN:78,SafeCastLibExternal.toUint152
FNDA:2000,SafeCastLibExternal.toUint152
DA:79,2000
FN:82,SafeCastLibExternal.toUint160
FNDA:2000,SafeCastLibExternal.toUint160
DA:83,2000
FN:86,SafeCastLibExternal.toUint168
FNDA:2000,SafeCastLibExternal.toUint168
DA:87,2000
FN:90,SafeCastLibExternal.toUint176
FNDA:2000,SafeCastLibExternal.toUint176
DA:91,2000
FN:94,SafeCastLibExternal.toUint184
FNDA:2000,SafeCastLibExternal.toUint184
DA:95,2000
FN:98,SafeCastLibExternal.toUint192
FNDA:2000,SafeCastLibExternal.toUint192
DA:99,2000
FN:102,SafeCastLibExternal.toUint200
FNDA:2000,SafeCastLibExternal.toUint200
DA:103,2000
FN:106,SafeCastLibExternal.toUint208
FNDA:2000,SafeCastLibExternal.toUint208
DA:107,2000
FN:110,SafeCastLibExternal.toUint216
FNDA:2000,SafeCastLibExternal.toUint216
DA:111,2000
FN:114,SafeCastLibExternal.toUint224
FNDA:2000,SafeCastLibExternal.toUint224
DA:115,2000
FN:118,SafeCastLibExternal.toUint232
FNDA:2000,SafeCastLibExternal.toUint232
DA:119,2000
FN:122,SafeCastLibExternal.toUint240
FNDA:2000,SafeCastLibExternal.toUint240
DA:123,2000
FN:126,SafeCastLibExternal.toUint248
FNDA:2000,SafeCastLibExternal.toUint248
DA:127,2000
FNF:31
FNH:31
LF:31
LH:31
BRF:0
BRH:0
end_of_record
TN:
SF:test/libraries/wrappers/WithdrawalLibExternal.sol
FN:6,WithdrawalLibExternal.$scaledOwedAmount
FNDA:0,WithdrawalLibExternal.$scaledOwedAmount
DA:7,0
FN:13,WithdrawalLibExternal.$availableLiquidityForPendingBatch
FNDA:1000,WithdrawalLibExternal.$availableLiquidityForPendingBatch
DA:18,1000
FNF:2
FNH:1
LF:2
LH:1
BRF:0
BRH:0
end_of_record
TN:
SF:test/shared/Test.sol
FN:63,Test._nextSalt
FNDA:19180,Test._nextSalt
DA:64,19180
FN:67,Test.asSelf
FNDA:17132,Test.asSelf
DA:68,17132
DA:70,17132
FN:73,Test.
FNDA:0,Test.
DA:74,0
DA:76,0
FN:79,Test._storeMarketInitCode
FNDA:0,Test._storeMarketInitCode
DA:84,0
DA:85,0
DA:86,0
FN:89,Test.deployBaseContracts
FNDA:0,Test.deployBaseContracts
DA:90,0
DA:91,0
DA:92,0
BRDA:92,0,0,-
BRDA:92,0,1,-
DA:93,0
DA:95,0
DA:98,0
DA:99,0
DA:101,0
DA:102,0
DA:111,0
DA:112,0
DA:113,0
DA:114,0
DA:118,0
DA:119,0
DA:122,0
BRDA:122,1,0,-
DA:123,0
DA:125,0
DA:126,0
DA:134,0
DA:144,0
DA:145,0
DA:146,0
DA:147,0
DA:148,0
DA:149,0
FN:152,Test._getHooksTemplate
FNDA:0,Test._getHooksTemplate
DA:153,0
FN:156,Test.deployBaseContracts
FNDA:0,Test.deployBaseContracts
DA:157,0
FN:160,Test.updateArchControllerEngine
FNDA:2,Test.updateArchControllerEngine
DA:161,2
BRDA:161,2,0,-
DA:162,0
DA:164,2
DA:165,2
DA:166,2
FN:169,Test.deploySphereXEngine
FNDA:1,Test.deploySphereXEngine
DA:170,1
DA:171,1
DA:172,1
DA:173,1
DA:174,1
FN:177,Test._checkSphereXConfig
FNDA:19180,Test._checkSphereXConfig
DA:178,19180
DA:179,19180
DA:184,19180
FN:197,Test.deployHooksInstance
FNDA:17171,Test.deployHooksInstance
DA:201,17171
BRDA:201,3,0,17169
DA:202,17169
DA:204,17171
BRDA:204,4,0,-
DA:205,0
DA:207,17171
DA:208,17171
DA:209,17171
BRDA:209,5,0,17171
BRDA:209,5,1,17171
DA:210,17171
DA:213,17171
DA:214,17171
DA:218,17171
DA:226,17171
DA:228,0
DA:230,17171
BRDA:230,6,0,17171
DA:231,17171
DA:233,17171
DA:238,17171
DA:240,20
BRDA:240,7,0,20
DA:241,20
DA:242,20
DA:244,17171
DA:245,17171
DA:246,17171
FN:256,Test.updateFeeConfiguration
FNDA:19180,Test.updateFeeConfiguration
DA:257,19180
DA:258,19180
DA:266,19180
FN:275,Test._expectMarketDeployedEvents
FNDA:19180,Test._expectMarketDeployedEvents
DA:280,19180
DA:281,1
DA:282,1
DA:283,1
BRDA:283,8,0,1
DA:284,1
DA:285,1
DA:288,19180
DA:289,19180
DA:291,19180
DA:292,19180
DA:294,19180
BRDA:294,9,0,19180
DA:295,19180
DA:296,19180
DA:297,19180
DA:298,19180
DA:301,19180
DA:302,19180
DA:304,19180
DA:308,19180
DA:312,19180
DA:314,19180
DA:315,19180
DA:316,2178
BRDA:316,10,0,2178
DA:317,2178
BRDA:317,11,0,1184
DA:318,1184
DA:321,19180
DA:322,19180
FN:338,Test.deployMarket
FNDA:19180,Test.deployMarket
DA:341,19180
DA:343,19180
BRDA:343,12,0,1
DA:344,1
DA:347,19180
DA:349,19180
DA:351,19180
DA:363,19180
DA:364,19180
DA:367,19180
DA:371,19180
DA:372,19180
DA:373,19180
FN:376,Test.validateMarketConfiguration
FNDA:19180,Test.validateMarketConfiguration
DA:377,19180
DA:379,19180
DA:380,19180
DA:381,2178
BRDA:381,13,0,2178
DA:382,2178
DA:383,2178
DA:384,2178
BRDA:384,14,0,1184
DA:385,1184
DA:388,19180
DA:389,19180
DA:390,19180
DA:391,19180
DA:392,19180
DA:393,19180
DA:394,19180
DA:395,19180
DA:396,19180
DA:397,19180
DA:398,19180
DA:414,19180
DA:415,19180
DA:416,19180
DA:421,19180
DA:426,19180
DA:431,19180
DA:436,19180
DA:437,19180
DA:439,19180
DA:440,19180
DA:441,2178
BRDA:441,15,0,2178
DA:442,2178
DA:445,2178
DA:446,2178
DA:451,2178
FN:455,Test.bound
FNDA:156996,Test.bound
DA:460,156996
FN:463,Test.dbound
FNDA:2000,Test.dbound
DA:469,2000
FN:472,Test.getSignedCredentialHooksData
FNDA:0,Test.getSignedCredentialHooksData
DA:476,0
DA:478,0
DA:479,0
DA:480,0
FNF:18
FNH:12
LF:154
LH:114
BRF:18
BRH:13
end_of_record
TN:
SF:test/shared/mocks/AlwaysAuthorizedRoleProvider.sol
FN:7,AlwaysAuthorizedRoleProvider.isPullProvider
FNDA:20,AlwaysAuthorizedRoleProvider.isPullProvider
DA:8,20
FN:11,AlwaysAuthorizedRoleProvider.getCredential
FNDA:11233,AlwaysAuthorizedRoleProvider.getCredential
DA:12,11233
FN:15,AlwaysAuthorizedRoleProvider.validateCredential
FNDA:0,AlwaysAuthorizedRoleProvider.validateCredential
DA:19,0
FNF:3
FNH:2
LF:3
LH:2
BRF:0
BRH:0
end_of_record
TN:
SF:test/shared/mocks/MockAccessControlHooks.sol
FN:8,MockAccessControlHooks.
FNDA:42,MockAccessControlHooks.
FN:10,MockAccessControlHooks.tryValidateAccess
FNDA:2000,MockAccessControlHooks.tryValidateAccess
DA:14,2000
DA:15,2000
DA:16,2000
DA:17,382
BRDA:17,0,0,382
DA:18,382
DA:19,27
BRDA:19,1,0,27
BRDA:19,1,1,355
DA:20,27
DA:26,355
FN:31,MockAccessControlHooks.setIsKnownLender
FNDA:421,MockAccessControlHooks.setIsKnownLender
DA:32,421
FNF:3
FNH:3
LF:9
LH:9
BRF:3
BRH:3
end_of_record
TN:
SF:test/shared/mocks/MockChainalysis.sol
FN:10,MockChainalysis.sanction
FNDA:7615,MockChainalysis.sanction
DA:11,7615
FN:14,MockChainalysis.unsanction
FNDA:57,MockChainalysis.unsanction
DA:15,57
FNF:2
FNH:2
LF:2
LH:2
BRF:0
BRH:0
end_of_record
TN:
SF:test/shared/mocks/MockERC20.sol
FN:7,MockERC20.
FNDA:5008,MockERC20.
FN:9,MockERC20.mint
FNDA:4005,MockERC20.mint
DA:10,4005
FNF:2
FNH:2
LF:1
LH:1
BRF:0
BRH:0
end_of_record
TN:
SF:test/shared/mocks/MockEngine.sol
FN:20,MockEngine.
FNDA:1,MockEngine.
DA:21,1
FN:24,MockEngine.slotsFor
FNDA:243953,MockEngine.slotsFor
DA:25,243953
BRDA:25,0,0,243357
BRDA:25,0,1,-
DA:26,243357
DA:27,243357
DA:28,1703499
DA:30,596
BRDA:30,1,0,-
BRDA:30,1,1,-
DA:31,0
DA:32,0
DA:33,0
DA:35,596
BRDA:35,2,0,-
DA:36,0
DA:37,0
DA:38,0
DA:39,0
FN:43,MockEngine.sphereXValidatePre
FNDA:243953,MockEngine.sphereXValidatePre
DA:48,243953
DA:49,243953
DA:50,243953
DA:51,243953
DA:52,243953
DA:53,243953
BRDA:53,3,0,243357
DA:54,243357
DA:55,243357
DA:56,1703499
DA:59,243953
DA:60,243953
FN:63,MockEngine.sphereXValidatePost
FNDA:229236,MockEngine.sphereXValidatePost
DA:69,229236
DA:70,229236
BRDA:70,4,0,505
BRDA:70,4,1,228731
DA:71,228731
DA:72,228731
DA:73,228731
BRDA:73,5,0,70
BRDA:73,5,1,228661
DA:74,228661
BRDA:74,6,0,-
BRDA:74,6,1,228661
DA:78,228661
BRDA:78,7,0,-
BRDA:78,7,1,228661
DA:82,228661
DA:83,1600627
BRDA:83,8,0,-
BRDA:83,8,1,1600627
DA:87,1600627
BRDA:87,9,0,-
BRDA:87,9,1,1600627
DA:92,228661
DA:93,228661
FN:98,MockEngine.addAllowedSenderOnChain
FNDA:19730,MockEngine.addAllowedSenderOnChain
DA:99,19730
BRDA:99,10,0,1
BRDA:99,10,1,19729
DA:100,19729
FN:103,MockEngine.supportsInterface
FNDA:2,MockEngine.supportsInterface
DA:104,2
FNF:6
FNH:6
LF:40
LH:33
BRF:20
BRH:12
end_of_record
TN:
SF:test/shared/mocks/MockFixedTermLoanHooks.sol
FN:8,MockFixedTermLoanHooks.
FNDA:52,MockFixedTermLoanHooks.
FN:10,MockFixedTermLoanHooks.tryValidateAccess
FNDA:2000,MockFixedTermLoanHooks.tryValidateAccess
DA:14,2000
DA:15,2000
DA:16,2000
DA:17,382
BRDA:17,0,0,382
DA:18,382
DA:19,27
BRDA:19,1,0,27
BRDA:19,1,1,355
DA:20,27
DA:26,355
FN:31,MockFixedTermLoanHooks.setIsKnownLender
FNDA:421,MockFixedTermLoanHooks.setIsKnownLender
DA:32,421
FNF:3
FNH:3
LF:9
LH:9
BRF:3
BRH:3
end_of_record
TN:
SF:test/shared/mocks/MockHookCaller.sol
FN:12,MockHookCaller.setState
FNDA:11000,MockHookCaller.setState
DA:13,11000
FN:16,MockHookCaller.setConfig
FNDA:11000,MockHookCaller.setConfig
DA:17,11000
FN:20,MockHookCaller.deposit
FNDA:1000,MockHookCaller.deposit
DA:21,1000
FN:24,MockHookCaller.queueWithdrawal
FNDA:1000,MockHookCaller.queueWithdrawal
DA:25,1000
FN:28,MockHookCaller.executeWithdrawal
FNDA:1000,MockHookCaller.executeWithdrawal
DA:29,1000
FN:32,MockHookCaller.transferFrom
FNDA:0,MockHookCaller.transferFrom
DA:33,0
FN:36,MockHookCaller.transfer
FNDA:1000,MockHookCaller.transfer
DA:37,1000
FN:40,MockHookCaller.borrow
FNDA:1000,MockHookCaller.borrow
DA:41,1000
FN:44,MockHookCaller.repay
FNDA:1000,MockHookCaller.repay
DA:45,1000
FN:50,MockHookCaller.closeMarket
FNDA:1000,MockHookCaller.closeMarket
DA:51,1000
DA:52,1000
FN:55,MockHookCaller.nukeFromOrbit
FNDA:1000,MockHookCaller.nukeFromOrbit
DA:56,1000
FN:59,MockHookCaller.setMaxTotalSupply
FNDA:1000,MockHookCaller.setMaxTotalSupply
DA:60,1000
FN:63,MockHookCaller.setAnnualInterestAndReserveRatioBips
FNDA:1000,MockHookCaller.setAnnualInterestAndReserveRatioBips
DA:67,1000
DA:68,1000
FN:71,MockHookCaller.setProtocolFeeBips
FNDA:1000,MockHookCaller.setProtocolFeeBips
DA:72,1000
FNF:14
FNH:13
LF:16
LH:15
BRF:0
BRH:0
end_of_record
TN:
SF:test/shared/mocks/MockHooks.sol
FN:88,MockHooks.reset
FNDA:28000,MockHooks.reset
DA:89,28000
DA:90,28000
DA:91,28000
DA:92,28000
DA:93,28000
FN:96,MockHooks.lastDeployMarketInputs
FNDA:2000,MockHooks.lastDeployMarketInputs
DA:97,2000
FN:100,MockHooks.setAnnualInterestAndReserveRatioBips
FNDA:2000,MockHooks.setAnnualInterestAndReserveRatioBips
DA:104,2000
DA:105,2000
DA:106,2000
FN:109,MockHooks.
FNDA:23008,MockHooks.
DA:110,23008
DA:111,23008
BRDA:111,0,0,6002
DA:112,23008
FN:117,MockHooks.version
FNDA:54012,MockHooks.version
DA:118,54012
FN:121,MockHooks.setConfig
FNDA:19000,MockHooks.setConfig
DA:122,19000
FN:136,MockHooks.grantRole
FNDA:29002,MockHooks.grantRole
DA:137,29002
FN:140,MockHooks.addRoleProvider
FNDA:17002,MockHooks.addRoleProvider
DA:141,17002
FN:144,MockHooks._onCreateMarket
FNDA:19013,MockHooks._onCreateMarket
DA:150,19013
DA:151,19013
DA:152,19013
DA:153,19013
FN:156,MockHooks.onDeposit
FNDA:7543,MockHooks.onDeposit
DA:162,7543
DA:163,7543
DA:164,7543
FN:167,MockHooks.onQueueWithdrawal
FNDA:4908,MockHooks.onQueueWithdrawal
DA:174,4908
DA:175,4908
FN:178,MockHooks.onExecuteWithdrawal
FNDA:2072,MockHooks.onExecuteWithdrawal
DA:184,2072
DA:185,2072
FN:188,MockHooks.onTransfer
FNDA:1513,MockHooks.onTransfer
DA:196,1513
DA:197,1513
FN:200,MockHooks.onBorrow
FNDA:1979,MockHooks.onBorrow
DA:205,1979
DA:206,1979
FN:209,MockHooks.onRepay
FNDA:1425,MockHooks.onRepay
DA:214,1425
DA:215,1425
FN:218,MockHooks.onCloseMarket
FNDA:1012,MockHooks.onCloseMarket
DA:222,1012
DA:223,1012
FN:226,MockHooks.onNukeFromOrbit
FNDA:1494,MockHooks.onNukeFromOrbit
DA:231,1494
DA:232,1494
FN:239,MockHooks.onSetMaxTotalSupply
FNDA:989,MockHooks.onSetMaxTotalSupply
DA:244,989
DA:245,989
FN:248,MockHooks.onSetAnnualInterestAndReserveRatioBips
FNDA:1012,MockHooks.onSetAnnualInterestAndReserveRatioBips
DA:259,1012
DA:260,1012
DA:266,1012
FN:271,MockHooks.onSetProtocolFeeBips
FNDA:987,MockHooks.onSetProtocolFeeBips
DA:276,987
DA:277,987
FN:282,MockHooksWithConfig.
FNDA:3000,MockHooksWithConfig.
DA:283,3000
FNF:21
FNH:21
LF:45
LH:45
BRF:1
BRH:1
end_of_record
TN:
SF:test/shared/mocks/MockRoleProvider.sol
FN:19,MockRoleProvider.setIsPullProvider
FNDA:20283,MockRoleProvider.setIsPullProvider
DA:20,20283
FN:23,MockRoleProvider.setCallShouldRevert
FNDA:3802,MockRoleProvider.setCallShouldRevert
DA:24,3802
FN:27,MockRoleProvider.setCallShouldReturnCorruptedData
FNDA:3806,MockRoleProvider.setCallShouldReturnCorruptedData
DA:28,3806
FN:31,MockRoleProvider.setCredential
FNDA:2344,MockRoleProvider.setCredential
DA:32,2344
FN:35,MockRoleProvider.setRequiredSigner
FNDA:1710,MockRoleProvider.setRequiredSigner
DA:36,1710
FN:39,MockRoleProvider.approveCredentialData
FNDA:2241,MockRoleProvider.approveCredentialData
DA:40,2241
FN:43,MockRoleProvider.getCredential
FNDA:1346,MockRoleProvider.getCredential
DA:44,825
BRDA:44,0,0,825
DA:45,242
BRDA:45,1,0,242
DA:47,242
DA:50,279
FN:53,MockRoleProvider.validateCredential
FNDA:1941,MockRoleProvider.validateCredential
DA:57,252
BRDA:57,2,0,252
DA:58,145
BRDA:58,3,0,145
DA:60,145
DA:63,1544
BRDA:63,4,0,638
DA:65,638
DA:66,0
DA:67,0
DA:68,0
BRDA:68,5,0,-
BRDA:68,5,1,-
DA:69,0
DA:71,906
DA:72,906
FNF:8
FNH:8
LF:21
LH:17
BRF:7
BRH:5
end_of_record
TN:
SF:test/shared/mocks/MockSanctionsSentinel.sol
FN:10,MockSanctionsSentinel.
FNDA:0,MockSanctionsSentinel.
FN:14,MockSanctionsSentinel.sanction
FNDA:5537,MockSanctionsSentinel.sanction
DA:15,5537
FNF:2
FNH:1
LF:1
LH:1
BRF:0
BRH:0
end_of_record
TN:
SF:test/spherex/SphereXConfig.t.sol
FN:9,BadEngine.supportsInterface
FNDA:1,BadEngine.supportsInterface
DA:10,0
FN:17,GoodEngine.supportsInterface
FNDA:12,GoodEngine.supportsInterface
DA:18,12
FN:21,GoodEngine.addAllowedSenderOnChain
FNDA:1000,GoodEngine.addAllowedSenderOnChain
DA:22,1000
FN:27,MockConfig.
FNDA:11,MockConfig.
FN:33,MockConfig.addSender
FNDA:2000,MockConfig.addSender
DA:34,2000
FNF:5
FNH:5
LF:4
LH:3
BRF:0
BRH:0
end_of_record
